[2024-05-15 09:23:14,934 I 30311 30311] (gcs_server) io_service_pool.cc:35: IOServicePool is running with 1 io_service.
[2024-05-15 09:23:14,935 I 30311 30311] (gcs_server) event.cc:234: Set ray event level to warning
[2024-05-15 09:23:14,935 I 30311 30311] (gcs_server) event.cc:342: Ray Event initialized for GCS
[2024-05-15 09:23:14,935 I 30311 30311] (gcs_server) gcs_server.cc:74: GCS storage type is StorageType::IN_MEMORY
[2024-05-15 09:23:14,935 I 30311 30311] (gcs_server) gcs_init_data.cc:42: Loading job table data.
[2024-05-15 09:23:14,935 I 30311 30311] (gcs_server) gcs_init_data.cc:54: Loading node table data.
[2024-05-15 09:23:14,935 I 30311 30311] (gcs_server) gcs_init_data.cc:80: Loading actor table data.
[2024-05-15 09:23:14,935 I 30311 30311] (gcs_server) gcs_init_data.cc:93: Loading actor task spec table data.
[2024-05-15 09:23:14,935 I 30311 30311] (gcs_server) gcs_init_data.cc:66: Loading placement group table data.
[2024-05-15 09:23:14,935 I 30311 30311] (gcs_server) gcs_init_data.cc:46: Finished loading job table data, size = 0
[2024-05-15 09:23:14,935 I 30311 30311] (gcs_server) gcs_init_data.cc:58: Finished loading node table data, size = 0
[2024-05-15 09:23:14,935 I 30311 30311] (gcs_server) gcs_init_data.cc:84: Finished loading actor table data, size = 0
[2024-05-15 09:23:14,935 I 30311 30311] (gcs_server) gcs_init_data.cc:97: Finished loading actor task spec table data, size = 0
[2024-05-15 09:23:14,935 I 30311 30311] (gcs_server) gcs_init_data.cc:71: Finished loading placement group table data, size = 0
[2024-05-15 09:23:14,935 I 30311 30311] (gcs_server) gcs_server.cc:162: No existing server cluster ID found. Generating new ID: cee699ec84e6b5d0073a5570221a4c3b30049386d7e4573749792f08
[2024-05-15 09:23:14,935 I 30311 30311] (gcs_server) gcs_server.cc:648: Autoscaler V2 enabled: 0
[2024-05-15 09:23:14,936 I 30311 30311] (gcs_server) grpc_server.cc:134: GcsServer server started, listening on port 64798.
[2024-05-15 09:23:14,960 I 30311 30311] (gcs_server) gcs_server.cc:250: GcsNodeManager: 
- RegisterNode request count: 0
- DrainNode request count: 0
- GetAllNodeInfo request count: 0
- GetInternalConfig request count: 0

GcsActorManager: 
- RegisterActor request count: 0
- CreateActor request count: 0
- GetActorInfo request count: 0
- GetNamedActorInfo request count: 0
- GetAllActorInfo request count: 0
- KillActor request count: 0
- ListNamedActors request count: 0
- Registered actors count: 0
- Destroyed actors count: 0
- Named actors count: 0
- Unresolved actors count: 0
- Pending actors count: 0
- Created actors count: 0
- owners_: 0
- actor_to_register_callbacks_: 0
- actor_to_create_callbacks_: 0
- sorted_destroyed_actor_list_: 0

GcsResourceManager: 
- GetAllAvailableResources request count0
- GetAllResourceUsage request count: 0

GcsPlacementGroupManager: 
- CreatePlacementGroup request count: 0
- RemovePlacementGroup request count: 0
- GetPlacementGroup request count: 0
- GetAllPlacementGroup request count: 0
- WaitPlacementGroupUntilReady request count: 0
- GetNamedPlacementGroup request count: 0
- Scheduling pending placement group count: 0
- Registered placement groups count: 0
- Named placement group count: 0
- Pending placement groups count: 0
- Infeasible placement groups count: 0

Publisher:

[runtime env manager] ID to URIs table:
[runtime env manager] URIs reference table:

GcsTaskManager: 
-Total num task events reported: 0
-Total num status task events dropped: 0
-Total num profile events dropped: 0
-Current num of task events stored: 0
-Total num of actor creation tasks: 0
-Total num of actor tasks: 0
-Total num of normal tasks: 0
-Total num of driver tasks: 0


[2024-05-15 09:23:14,960 I 30311 30311] (gcs_server) gcs_server.cc:844: Event stats:


Global stats: 21 total (10 active)
Queueing time: mean = 3.587 ms, max = 25.149 ms, min = 1.030 us, total = 75.318 ms
Execution time:  mean = 1.199 ms, total = 25.183 ms
Event stats:
	InternalKVGcsService.grpc_client.InternalKVPut - 6 total (6 active), Execution time: mean = 0.000 s, total = 0.000 s, Queueing time: mean = 0.000 s, max = -0.000 s, min = 9223372036.855 s, total = 0.000 s
	GcsInMemoryStore.GetAll - 5 total (0 active), Execution time: mean = 3.542 us, total = 17.710 us, Queueing time: mean = 14.838 us, max = 16.150 us, min = 13.350 us, total = 74.190 us
	PeriodicalRunner.RunFnPeriodically - 4 total (2 active, 1 running), Execution time: mean = 545.000 ns, total = 2.180 us, Queueing time: mean = 12.567 ms, max = 25.149 ms, min = 25.120 ms, total = 50.269 ms
	GcsInMemoryStore.Put - 3 total (0 active), Execution time: mean = 8.386 ms, total = 25.158 ms, Queueing time: mean = 8.325 ms, max = 24.971 ms, min = 1.030 us, total = 24.974 ms
	RayletLoadPulled - 1 total (1 active), Execution time: mean = 0.000 s, total = 0.000 s, Queueing time: mean = 0.000 s, max = -0.000 s, min = 9223372036.855 s, total = 0.000 s
	GcsInMemoryStore.Get - 1 total (0 active), Execution time: mean = 5.390 us, total = 5.390 us, Queueing time: mean = 1.240 us, max = 1.240 us, min = 1.240 us, total = 1.240 us
	ClusterResourceManager.ResetRemoteNodeView - 1 total (1 active), Execution time: mean = 0.000 s, total = 0.000 s, Queueing time: mean = 0.000 s, max = -0.000 s, min = 9223372036.855 s, total = 0.000 s


[2024-05-15 09:23:14,961 I 30311 30311] (gcs_server) gcs_server.cc:845: GcsTaskManager Event stats:


Global stats: 2 total (1 active)
Queueing time: mean = 30.590 us, max = 61.180 us, min = 61.180 us, total = 61.180 us
Execution time:  mean = 9.495 us, total = 18.990 us
Event stats:
	GcsTaskManager.GcJobSummary - 1 total (1 active), Execution time: mean = 0.000 s, total = 0.000 s, Queueing time: mean = 0.000 s, max = -0.000 s, min = 9223372036.855 s, total = 0.000 s
	PeriodicalRunner.RunFnPeriodically - 1 total (0 active), Execution time: mean = 18.990 us, total = 18.990 us, Queueing time: mean = 61.180 us, max = 61.180 us, min = 61.180 us, total = 61.180 us


[2024-05-15 09:23:16,337 I 30311 30311] (gcs_server) gcs_node_manager.cc:55: Registering node info, node id = bb0b88761cf79bcb704cc6189d30e057a690327f14681f11b16e7eb0, address = 192.168.1.56, node name = 192.168.1.56
[2024-05-15 09:23:16,337 I 30311 30311] (gcs_server) gcs_node_manager.cc:61: Finished registering node info, node id = bb0b88761cf79bcb704cc6189d30e057a690327f14681f11b16e7eb0, address = 192.168.1.56, node name = 192.168.1.56
[2024-05-15 09:23:16,337 I 30311 30311] (gcs_server) gcs_placement_group_manager.cc:797: A new node: bb0b88761cf79bcb704cc6189d30e057a690327f14681f11b16e7eb0 registered, will try to reschedule all the infeasible placement groups.
[2024-05-15 09:23:16,919 I 30311 30311] (gcs_server) gcs_job_manager.cc:42: Adding job, job id = 01000000, driver pid = 30255
[2024-05-15 09:23:16,919 I 30311 30311] (gcs_server) gcs_job_manager.cc:57: Finished adding job, job id = 01000000, driver pid = 30255
[2024-05-15 09:23:16,951 I 30311 30311] (gcs_server) gcs_placement_group_manager.cc:432: Registering placement group, placement group id = 32d29e0f4ce311c5b9f22a81bbf501000000, name = , strategy = 0
[2024-05-15 09:23:16,951 I 30311 30311] (gcs_server) gcs_placement_group_manager.cc:436: Finished registering placement group, placement group id = 32d29e0f4ce311c5b9f22a81bbf501000000, name = , strategy = 0
[2024-05-15 09:23:16,951 I 30311 30311] (gcs_server) gcs_placement_group_scheduler.cc:185: Preparing resource from node bb0b88761cf79bcb704cc6189d30e057a690327f14681f11b16e7eb0 for bundles: {placement group id={32d29e0f4ce311c5b9f22a81bbf501000000}, bundle index={0}},{placement group id={32d29e0f4ce311c5b9f22a81bbf501000000}, bundle index={1}},{placement group id={32d29e0f4ce311c5b9f22a81bbf501000000}, bundle index={2}},{placement group id={32d29e0f4ce311c5b9f22a81bbf501000000}, bundle index={3}},{placement group id={32d29e0f4ce311c5b9f22a81bbf501000000}, bundle index={4}},
[2024-05-15 09:23:16,952 I 30311 30311] (gcs_server) gcs_placement_group_scheduler.cc:195: Finished leasing resource from bb0b88761cf79bcb704cc6189d30e057a690327f14681f11b16e7eb0 for bundles: {placement group id={32d29e0f4ce311c5b9f22a81bbf501000000}, bundle index={0}},{placement group id={32d29e0f4ce311c5b9f22a81bbf501000000}, bundle index={1}},{placement group id={32d29e0f4ce311c5b9f22a81bbf501000000}, bundle index={2}},{placement group id={32d29e0f4ce311c5b9f22a81bbf501000000}, bundle index={3}},{placement group id={32d29e0f4ce311c5b9f22a81bbf501000000}, bundle index={4}},
[2024-05-15 09:23:16,952 I 30311 30311] (gcs_server) gcs_placement_group_scheduler.cc:213: Committing resource to a node bb0b88761cf79bcb704cc6189d30e057a690327f14681f11b16e7eb0 for bundles: {placement group id={32d29e0f4ce311c5b9f22a81bbf501000000}, bundle index={2}},{placement group id={32d29e0f4ce311c5b9f22a81bbf501000000}, bundle index={0}},{placement group id={32d29e0f4ce311c5b9f22a81bbf501000000}, bundle index={3}},{placement group id={32d29e0f4ce311c5b9f22a81bbf501000000}, bundle index={4}},{placement group id={32d29e0f4ce311c5b9f22a81bbf501000000}, bundle index={1}},
[2024-05-15 09:23:16,952 I 30311 30311] (gcs_server) gcs_placement_group_scheduler.cc:220: Finished committing resource to bb0b88761cf79bcb704cc6189d30e057a690327f14681f11b16e7eb0 for bundles: {placement group id={32d29e0f4ce311c5b9f22a81bbf501000000}, bundle index={2}},{placement group id={32d29e0f4ce311c5b9f22a81bbf501000000}, bundle index={0}},{placement group id={32d29e0f4ce311c5b9f22a81bbf501000000}, bundle index={3}},{placement group id={32d29e0f4ce311c5b9f22a81bbf501000000}, bundle index={4}},{placement group id={32d29e0f4ce311c5b9f22a81bbf501000000}, bundle index={1}},
[2024-05-15 09:23:16,952 I 30311 30311] (gcs_server) gcs_placement_group_manager.cc:321: Successfully created placement group , id: 32d29e0f4ce311c5b9f22a81bbf501000000
[2024-05-15 09:23:17,128 I 30311 30311] (gcs_server) gcs_actor_manager.cc:262: Registering actor, job id = 01000000, actor id = 197fe642ac70308cd2acc9ce01000000
[2024-05-15 09:23:17,129 I 30311 30311] (gcs_server) gcs_actor_manager.cc:268: Registered actor, job id = 01000000, actor id = 197fe642ac70308cd2acc9ce01000000
[2024-05-15 09:23:17,130 I 30311 30311] (gcs_server) gcs_actor_manager.cc:287: Creating actor, job id = 01000000, actor id = 197fe642ac70308cd2acc9ce01000000
[2024-05-15 09:23:17,130 I 30311 30311] (gcs_server) gcs_actor_scheduler.cc:312: Start leasing worker from node bb0b88761cf79bcb704cc6189d30e057a690327f14681f11b16e7eb0 for actor 197fe642ac70308cd2acc9ce01000000, job id = 01000000
[2024-05-15 09:23:17,536 I 30311 30311] (gcs_server) gcs_actor_scheduler.cc:633: Finished leasing worker from bb0b88761cf79bcb704cc6189d30e057a690327f14681f11b16e7eb0 for actor 197fe642ac70308cd2acc9ce01000000, job id = 01000000
[2024-05-15 09:23:17,536 I 30311 30311] (gcs_server) gcs_actor_scheduler.cc:447: Start creating actor 197fe642ac70308cd2acc9ce01000000 on worker 637f3a2677e8ae8805c6719f23410b57166c3f363b57fdf8dc071841 at node bb0b88761cf79bcb704cc6189d30e057a690327f14681f11b16e7eb0, job id = 01000000
[2024-05-15 09:23:19,044 I 30311 30311] (gcs_server) gcs_actor_manager.cc:262: Registering actor, job id = 01000000, actor id = 0b79d814049abf6a43ebd5b601000000
[2024-05-15 09:23:19,044 I 30311 30311] (gcs_server) gcs_actor_manager.cc:268: Registered actor, job id = 01000000, actor id = 0b79d814049abf6a43ebd5b601000000
[2024-05-15 09:23:19,045 I 30311 30311] (gcs_server) gcs_actor_manager.cc:287: Creating actor, job id = 01000000, actor id = 0b79d814049abf6a43ebd5b601000000
[2024-05-15 09:23:19,045 I 30311 30311] (gcs_server) gcs_actor_scheduler.cc:312: Start leasing worker from node bb0b88761cf79bcb704cc6189d30e057a690327f14681f11b16e7eb0 for actor 0b79d814049abf6a43ebd5b601000000, job id = 01000000
[2024-05-15 09:23:19,045 I 30311 30311] (gcs_server) gcs_actor_manager.cc:262: Registering actor, job id = 01000000, actor id = 1f58d0d20a228e11f3006ade01000000
[2024-05-15 09:23:19,045 I 30311 30311] (gcs_server) gcs_actor_manager.cc:268: Registered actor, job id = 01000000, actor id = 1f58d0d20a228e11f3006ade01000000
[2024-05-15 09:23:19,046 I 30311 30311] (gcs_server) gcs_actor_manager.cc:287: Creating actor, job id = 01000000, actor id = 1f58d0d20a228e11f3006ade01000000
[2024-05-15 09:23:19,046 I 30311 30311] (gcs_server) gcs_actor_scheduler.cc:312: Start leasing worker from node bb0b88761cf79bcb704cc6189d30e057a690327f14681f11b16e7eb0 for actor 1f58d0d20a228e11f3006ade01000000, job id = 01000000
[2024-05-15 09:23:19,046 I 30311 30311] (gcs_server) gcs_actor_manager.cc:262: Registering actor, job id = 01000000, actor id = b3d076f5c2c7d947cadec90701000000
[2024-05-15 09:23:19,046 I 30311 30311] (gcs_server) gcs_actor_manager.cc:268: Registered actor, job id = 01000000, actor id = b3d076f5c2c7d947cadec90701000000
[2024-05-15 09:23:19,047 I 30311 30311] (gcs_server) gcs_actor_manager.cc:287: Creating actor, job id = 01000000, actor id = b3d076f5c2c7d947cadec90701000000
[2024-05-15 09:23:19,047 I 30311 30311] (gcs_server) gcs_actor_scheduler.cc:312: Start leasing worker from node bb0b88761cf79bcb704cc6189d30e057a690327f14681f11b16e7eb0 for actor b3d076f5c2c7d947cadec90701000000, job id = 01000000
[2024-05-15 09:23:19,047 I 30311 30311] (gcs_server) gcs_actor_manager.cc:262: Registering actor, job id = 01000000, actor id = bc53c5eb34f23c1c4a59815401000000
[2024-05-15 09:23:19,047 I 30311 30311] (gcs_server) gcs_actor_manager.cc:268: Registered actor, job id = 01000000, actor id = bc53c5eb34f23c1c4a59815401000000
[2024-05-15 09:23:19,048 I 30311 30311] (gcs_server) gcs_actor_manager.cc:287: Creating actor, job id = 01000000, actor id = bc53c5eb34f23c1c4a59815401000000
[2024-05-15 09:23:19,048 I 30311 30311] (gcs_server) gcs_actor_scheduler.cc:312: Start leasing worker from node bb0b88761cf79bcb704cc6189d30e057a690327f14681f11b16e7eb0 for actor bc53c5eb34f23c1c4a59815401000000, job id = 01000000
[2024-05-15 09:23:19,468 I 30311 30311] (gcs_server) gcs_actor_scheduler.cc:633: Finished leasing worker from bb0b88761cf79bcb704cc6189d30e057a690327f14681f11b16e7eb0 for actor 1f58d0d20a228e11f3006ade01000000, job id = 01000000
[2024-05-15 09:23:19,468 I 30311 30311] (gcs_server) gcs_actor_scheduler.cc:633: Finished leasing worker from bb0b88761cf79bcb704cc6189d30e057a690327f14681f11b16e7eb0 for actor 0b79d814049abf6a43ebd5b601000000, job id = 01000000
[2024-05-15 09:23:19,468 I 30311 30311] (gcs_server) gcs_actor_scheduler.cc:447: Start creating actor 1f58d0d20a228e11f3006ade01000000 on worker d34ed35583a5c164ec58fcbdfaf3fae61607238063df062abb1e62e3 at node bb0b88761cf79bcb704cc6189d30e057a690327f14681f11b16e7eb0, job id = 01000000
[2024-05-15 09:23:19,468 I 30311 30311] (gcs_server) gcs_actor_scheduler.cc:447: Start creating actor 0b79d814049abf6a43ebd5b601000000 on worker e56e6fb20e31fac4f33cbea6b3f727c3f794f6951e14f6fd53d22a24 at node bb0b88761cf79bcb704cc6189d30e057a690327f14681f11b16e7eb0, job id = 01000000
[2024-05-15 09:23:19,469 I 30311 30311] (gcs_server) gcs_actor_scheduler.cc:633: Finished leasing worker from bb0b88761cf79bcb704cc6189d30e057a690327f14681f11b16e7eb0 for actor b3d076f5c2c7d947cadec90701000000, job id = 01000000
[2024-05-15 09:23:19,469 I 30311 30311] (gcs_server) gcs_actor_scheduler.cc:447: Start creating actor b3d076f5c2c7d947cadec90701000000 on worker 6c394590748634c65f828b8780152978379dcbb2dfa93fd2c8e9c177 at node bb0b88761cf79bcb704cc6189d30e057a690327f14681f11b16e7eb0, job id = 01000000
[2024-05-15 09:23:19,522 I 30311 30311] (gcs_server) gcs_actor_scheduler.cc:633: Finished leasing worker from bb0b88761cf79bcb704cc6189d30e057a690327f14681f11b16e7eb0 for actor bc53c5eb34f23c1c4a59815401000000, job id = 01000000
[2024-05-15 09:23:19,522 I 30311 30311] (gcs_server) gcs_actor_scheduler.cc:447: Start creating actor bc53c5eb34f23c1c4a59815401000000 on worker 470cc11134b5185b08ccb39eb35538c57bdff5da02ade1ac9a28dc2e at node bb0b88761cf79bcb704cc6189d30e057a690327f14681f11b16e7eb0, job id = 01000000
[2024-05-15 09:23:24,944 W 30311 30332] (gcs_server) metric_exporter.cc:105: [1] Export metrics to agent failed: GrpcUnavailable: RPC Error message: failed to connect to all addresses; last error: UNKNOWN: ipv4:127.0.0.1:65072: Failed to connect to remote host: Connection refused; RPC Error details: . This won't affect Ray, but you can lose metrics from the cluster.
