[2024-05-15 09:23:16,326 I 30434 30434] (raylet) main.cc:179: Setting cluster ID to: cee699ec84e6b5d0073a5570221a4c3b30049386d7e4573749792f08
[2024-05-15 09:23:16,327 I 30434 30434] (raylet) main.cc:242: Raylet is not set to kill unknown children.
[2024-05-15 09:23:16,327 I 30434 30434] (raylet) io_service_pool.cc:35: IOServicePool is running with 1 io_service.
[2024-05-15 09:23:16,328 I 30434 30434] (raylet) main.cc:371: Setting node ID to: bb0b88761cf79bcb704cc6189d30e057a690327f14681f11b16e7eb0
[2024-05-15 09:23:16,328 I 30434 30434] (raylet) store_runner.cc:32: Allowing the Plasma store to use up to 18.2564GB of memory.
[2024-05-15 09:23:16,328 I 30434 30434] (raylet) store_runner.cc:48: Starting object store with directory /dev/shm, fallback /home/valapeos/Projects/pneumarl/logs/rllib, and huge page support disabled
[2024-05-15 09:23:16,328 I 30434 30462] (raylet) dlmalloc.cc:154: create_and_mmap_buffer(18256494600, /dev/shm/plasmaXXXXXX)
[2024-05-15 09:23:16,328 I 30434 30462] (raylet) store.cc:564: ========== Plasma store: =================
Current usage: 0 / 18.2564 GB
- num bytes created total: 0
0 pending objects of total size 0MB
- objects spillable: 0
- bytes spillable: 0
- objects unsealed: 0
- bytes unsealed: 0
- objects in use: 0
- bytes in use: 0
- objects evictable: 0
- bytes evictable: 0

- objects created by worker: 0
- bytes created by worker: 0
- objects restored: 0
- bytes restored: 0
- objects received: 0
- bytes received: 0
- objects errored: 0
- bytes errored: 0

[2024-05-15 09:23:16,329 I 30434 30434] (raylet) grpc_server.cc:134: ObjectManager server started, listening on port 39761.
[2024-05-15 09:23:16,331 I 30434 30434] (raylet) worker_killing_policy.cc:101: Running GroupByOwner policy.
[2024-05-15 09:23:16,331 W 30434 30434] (raylet) memory_monitor.cc:197: Got negative used memory for cgroup -1, setting it to zero
[2024-05-15 09:23:16,331 I 30434 30434] (raylet) memory_monitor.cc:47: MemoryMonitor initialized with usage threshold at 63982133248 bytes (0.95 system memory), total system memory bytes: 67349614592
[2024-05-15 09:23:16,331 I 30434 30434] (raylet) node_manager.cc:285: Initializing NodeManager with ID bb0b88761cf79bcb704cc6189d30e057a690327f14681f11b16e7eb0
[2024-05-15 09:23:16,331 I 30434 30434] (raylet) grpc_server.cc:134: NodeManager server started, listening on port 40585.
[2024-05-15 09:23:16,337 I 30434 30496] (raylet) agent_manager.cc:78: Monitor agent process with name dashboard_agent/424238335
[2024-05-15 09:23:16,337 I 30434 30498] (raylet) agent_manager.cc:78: Monitor agent process with name runtime_env_agent
[2024-05-15 09:23:16,337 I 30434 30434] (raylet) event.cc:234: Set ray event level to warning
[2024-05-15 09:23:16,337 I 30434 30434] (raylet) event.cc:342: Ray Event initialized for RAYLET
[2024-05-15 09:23:16,338 I 30434 30434] (raylet) raylet.cc:128: Raylet of id, bb0b88761cf79bcb704cc6189d30e057a690327f14681f11b16e7eb0 started. Raylet consists of node_manager and object_manager. node_manager address: 192.168.1.56:40585 object_manager address: 192.168.1.56:39761 hostname: valanixos
[2024-05-15 09:23:16,339 I 30434 30434] (raylet) node_manager.cc:521: [state-dump] NodeManager:
[state-dump] Node ID: bb0b88761cf79bcb704cc6189d30e057a690327f14681f11b16e7eb0
[state-dump] Node name: 192.168.1.56
[state-dump] InitialConfigResources: {object_store_memory: 182564241400000, CPU: 120000, memory: 365128482830000, node:__internal_head__: 10000, node:192.168.1.56: 10000}
[state-dump] ClusterTaskManager:
[state-dump] ========== Node: bb0b88761cf79bcb704cc6189d30e057a690327f14681f11b16e7eb0 =================
[state-dump] Infeasible queue length: 0
[state-dump] Schedule queue length: 0
[state-dump] Dispatch queue length: 0
[state-dump] num_waiting_for_resource: 0
[state-dump] num_waiting_for_plasma_memory: 0
[state-dump] num_waiting_for_remote_node_resources: 0
[state-dump] num_worker_not_started_by_job_config_not_exist: 0
[state-dump] num_worker_not_started_by_registration_timeout: 0
[state-dump] num_tasks_waiting_for_workers: 0
[state-dump] num_cancelled_tasks: 0
[state-dump] cluster_resource_scheduler state: 
[state-dump] Local id: -6954002209980175059 Local resources: {"total":{node:__internal_head__: [10000], memory: [365128482830000], object_store_memory: [182564241400000], CPU: [120000], node:192.168.1.56: [10000]}}, "available": {node:__internal_head__: [10000], memory: [365128482830000], object_store_memory: [182564241400000], CPU: [120000], node:192.168.1.56: [10000]}}, "labels":{"ray.io/node_id":"bb0b88761cf79bcb704cc6189d30e057a690327f14681f11b16e7eb0",} is_draining: 0 is_idle: 1 Cluster resources: node id: -6954002209980175059{"total":{object_store_memory: 182564241400000, node:192.168.1.56: 10000, node:__internal_head__: 10000, CPU: 120000, memory: 365128482830000}}, "available": {object_store_memory: 182564241400000, node:192.168.1.56: 10000, node:__internal_head__: 10000, CPU: 120000, memory: 365128482830000}}, "labels":{"ray.io/node_id":"bb0b88761cf79bcb704cc6189d30e057a690327f14681f11b16e7eb0",}, "is_draining": 0, "draining_deadline_timestamp_ms": -1} { "placment group locations": [], "node to bundles": []}
[state-dump] Waiting tasks size: 0
[state-dump] Number of executing tasks: 0
[state-dump] Number of pinned task arguments: 0
[state-dump] Number of total spilled tasks: 0
[state-dump] Number of spilled waiting tasks: 0
[state-dump] Number of spilled unschedulable tasks: 0
[state-dump] Resource usage {
[state-dump] }
[state-dump] Running tasks by scheduling class:
[state-dump] ==================================================
[state-dump] 
[state-dump] ClusterResources:
[state-dump] LocalObjectManager:
[state-dump] - num pinned objects: 0
[state-dump] - pinned objects size: 0
[state-dump] - num objects pending restore: 0
[state-dump] - num objects pending spill: 0
[state-dump] - num bytes pending spill: 0
[state-dump] - num bytes currently spilled: 0
[state-dump] - cumulative spill requests: 0
[state-dump] - cumulative restore requests: 0
[state-dump] - spilled objects pending delete: 0
[state-dump] 
[state-dump] ObjectManager:
[state-dump] - num local objects: 0
[state-dump] - num unfulfilled push requests: 0
[state-dump] - num object pull requests: 0
[state-dump] - num chunks received total: 0
[state-dump] - num chunks received failed (all): 0
[state-dump] - num chunks received failed / cancelled: 0
[state-dump] - num chunks received failed / plasma error: 0
[state-dump] Event stats:
[state-dump] Global stats: 0 total (0 active)
[state-dump] Queueing time: mean = -nan s, max = -0.000 s, min = 9223372036.855 s, total = 0.000 s
[state-dump] Execution time:  mean = -nan s, total = 0.000 s
[state-dump] Event stats:
[state-dump] PushManager:
[state-dump] - num pushes in flight: 0
[state-dump] - num chunks in flight: 0
[state-dump] - num chunks remaining: 0
[state-dump] - max chunks allowed: 409
[state-dump] OwnershipBasedObjectDirectory:
[state-dump] - num listeners: 0
[state-dump] - cumulative location updates: 0
[state-dump] - num location updates per second: 0.000
[state-dump] - num location lookups per second: 0.000
[state-dump] - num locations added per second: 0.000
[state-dump] - num locations removed per second: 0.000
[state-dump] BufferPool:
[state-dump] - create buffer state map size: 0
[state-dump] PullManager:
[state-dump] - num bytes available for pulled objects: 18256424140
[state-dump] - num bytes being pulled (all): 0
[state-dump] - num bytes being pulled / pinned: 0
[state-dump] - get request bundles: BundlePullRequestQueue{0 total, 0 active, 0 inactive, 0 unpullable}
[state-dump] - wait request bundles: BundlePullRequestQueue{0 total, 0 active, 0 inactive, 0 unpullable}
[state-dump] - task request bundles: BundlePullRequestQueue{0 total, 0 active, 0 inactive, 0 unpullable}
[state-dump] - first get request bundle: N/A
[state-dump] - first wait request bundle: N/A
[state-dump] - first task request bundle: N/A
[state-dump] - num objects queued: 0
[state-dump] - num objects actively pulled (all): 0
[state-dump] - num objects actively pulled / pinned: 0
[state-dump] - num bundles being pulled: 0
[state-dump] - num pull retries: 0
[state-dump] - max timeout seconds: 0
[state-dump] - max timeout request is already processed. No entry.
[state-dump] 
[state-dump] WorkerPool:
[state-dump] - registered jobs: 0
[state-dump] - process_failed_job_config_missing: 0
[state-dump] - process_failed_rate_limited: 0
[state-dump] - process_failed_pending_registration: 0
[state-dump] - process_failed_runtime_env_setup_failed: 0
[state-dump] - num PYTHON workers: 0
[state-dump] - num PYTHON drivers: 0
[state-dump] - num object spill callbacks queued: 0
[state-dump] - num object restore queued: 0
[state-dump] - num util functions queued: 0
[state-dump] - num idle workers: 0
[state-dump] TaskDependencyManager:
[state-dump] - task deps map size: 0
[state-dump] - get req map size: 0
[state-dump] - wait req map size: 0
[state-dump] - local objects map size: 0
[state-dump] WaitManager:
[state-dump] - num active wait requests: 0
[state-dump] Subscriber:
[state-dump] Channel WORKER_OBJECT_EVICTION
[state-dump] - cumulative subscribe requests: 0
[state-dump] - cumulative unsubscribe requests: 0
[state-dump] - active subscribed publishers: 0
[state-dump] - cumulative published messages: 0
[state-dump] - cumulative processed messages: 0
[state-dump] Channel WORKER_REF_REMOVED_CHANNEL
[state-dump] - cumulative subscribe requests: 0
[state-dump] - cumulative unsubscribe requests: 0
[state-dump] - active subscribed publishers: 0
[state-dump] - cumulative published messages: 0
[state-dump] - cumulative processed messages: 0
[state-dump] Channel WORKER_OBJECT_LOCATIONS_CHANNEL
[state-dump] - cumulative subscribe requests: 0
[state-dump] - cumulative unsubscribe requests: 0
[state-dump] - active subscribed publishers: 0
[state-dump] - cumulative published messages: 0
[state-dump] - cumulative processed messages: 0
[state-dump] num async plasma notifications: 0
[state-dump] Remote node managers: 
[state-dump] Event stats:
[state-dump] Global stats: 27 total (13 active)
[state-dump] Queueing time: mean = 857.013 us, max = 6.631 ms, min = 5.910 us, total = 23.139 ms
[state-dump] Execution time:  mean = 453.772 us, total = 12.252 ms
[state-dump] Event stats:
[state-dump] 	PeriodicalRunner.RunFnPeriodically - 11 total (2 active, 1 running), Execution time: mean = 79.603 us, total = 875.630 us, Queueing time: mean = 2.102 ms, max = 6.631 ms, min = 13.870 us, total = 23.127 ms
[state-dump] 	MemoryMonitor.CheckIsMemoryUsageAboveThreshold - 1 total (1 active), Execution time: mean = 0.000 s, total = 0.000 s, Queueing time: mean = 0.000 s, max = -0.000 s, min = 9223372036.855 s, total = 0.000 s
[state-dump] 	NodeManager.deadline_timer.flush_free_objects - 1 total (1 active), Execution time: mean = 0.000 s, total = 0.000 s, Queueing time: mean = 0.000 s, max = -0.000 s, min = 9223372036.855 s, total = 0.000 s
[state-dump] 	NodeInfoGcsService.grpc_client.RegisterNode - 1 total (0 active), Execution time: mean = 507.130 us, total = 507.130 us, Queueing time: mean = 0.000 s, max = -0.000 s, min = 9223372036.855 s, total = 0.000 s
[state-dump] 	RayletWorkerPool.deadline_timer.kill_idle_workers - 1 total (1 active), Execution time: mean = 0.000 s, total = 0.000 s, Queueing time: mean = 0.000 s, max = -0.000 s, min = 9223372036.855 s, total = 0.000 s
[state-dump] 	NodeInfoGcsService.grpc_client.GetInternalConfig.OnReplyReceived - 1 total (0 active), Execution time: mean = 10.138 ms, total = 10.138 ms, Queueing time: mean = 6.040 us, max = 6.040 us, min = 6.040 us, total = 6.040 us
[state-dump] 	NodeManager.ScheduleAndDispatchTasks - 1 total (1 active), Execution time: mean = 0.000 s, total = 0.000 s, Queueing time: mean = 0.000 s, max = -0.000 s, min = 9223372036.855 s, total = 0.000 s
[state-dump] 	NodeInfoGcsService.grpc_client.GetInternalConfig - 1 total (0 active), Execution time: mean = 351.110 us, total = 351.110 us, Queueing time: mean = 0.000 s, max = -0.000 s, min = 9223372036.855 s, total = 0.000 s
[state-dump] 	NodeInfoGcsService.grpc_client.RegisterNode.OnReplyReceived - 1 total (0 active), Execution time: mean = 130.460 us, total = 130.460 us, Queueing time: mean = 5.910 us, max = 5.910 us, min = 5.910 us, total = 5.910 us
[state-dump] 	NodeManager.GCTaskFailureReason - 1 total (1 active), Execution time: mean = 0.000 s, total = 0.000 s, Queueing time: mean = 0.000 s, max = -0.000 s, min = 9223372036.855 s, total = 0.000 s
[state-dump] 	NodeManager.deadline_timer.spill_objects_when_over_threshold - 1 total (1 active), Execution time: mean = 0.000 s, total = 0.000 s, Queueing time: mean = 0.000 s, max = -0.000 s, min = 9223372036.855 s, total = 0.000 s
[state-dump] 	NodeManager.deadline_timer.record_metrics - 1 total (1 active), Execution time: mean = 0.000 s, total = 0.000 s, Queueing time: mean = 0.000 s, max = -0.000 s, min = 9223372036.855 s, total = 0.000 s
[state-dump] 	InternalPubSubGcsService.grpc_client.GcsSubscriberCommandBatch - 1 total (0 active), Execution time: mean = 249.870 us, total = 249.870 us, Queueing time: mean = 0.000 s, max = -0.000 s, min = 9223372036.855 s, total = 0.000 s
[state-dump] 	NodeManager.deadline_timer.debug_state_dump - 1 total (1 active), Execution time: mean = 0.000 s, total = 0.000 s, Queueing time: mean = 0.000 s, max = -0.000 s, min = 9223372036.855 s, total = 0.000 s
[state-dump] 	InternalPubSubGcsService.grpc_client.GcsSubscriberPoll - 1 total (1 active), Execution time: mean = 0.000 s, total = 0.000 s, Queueing time: mean = 0.000 s, max = -0.000 s, min = 9223372036.855 s, total = 0.000 s
[state-dump] 	ClusterResourceManager.ResetRemoteNodeView - 1 total (1 active), Execution time: mean = 0.000 s, total = 0.000 s, Queueing time: mean = 0.000 s, max = -0.000 s, min = 9223372036.855 s, total = 0.000 s
[state-dump] 	InternalPubSubGcsService.grpc_client.GcsSubscriberCommandBatch.OnReplyReceived - 1 total (1 active), Execution time: mean = 0.000 s, total = 0.000 s, Queueing time: mean = 0.000 s, max = -0.000 s, min = 9223372036.855 s, total = 0.000 s
[state-dump] DebugString() time ms: 0
[state-dump] 
[state-dump] 
[2024-05-15 09:23:16,339 I 30434 30434] (raylet) accessor.cc:627: Received notification for node id = bb0b88761cf79bcb704cc6189d30e057a690327f14681f11b16e7eb0, IsAlive = 1
[2024-05-15 09:23:16,444 I 30434 30434] (raylet) worker_pool.cc:494: Started worker process with pid 30516, the token is 0
[2024-05-15 09:23:16,446 I 30434 30434] (raylet) worker_pool.cc:494: Started worker process with pid 30517, the token is 1
[2024-05-15 09:23:16,447 I 30434 30434] (raylet) worker_pool.cc:494: Started worker process with pid 30518, the token is 2
[2024-05-15 09:23:16,449 I 30434 30434] (raylet) worker_pool.cc:494: Started worker process with pid 30519, the token is 3
[2024-05-15 09:23:16,451 I 30434 30434] (raylet) worker_pool.cc:494: Started worker process with pid 30520, the token is 4
[2024-05-15 09:23:16,453 I 30434 30434] (raylet) worker_pool.cc:494: Started worker process with pid 30521, the token is 5
[2024-05-15 09:23:16,455 I 30434 30434] (raylet) worker_pool.cc:494: Started worker process with pid 30522, the token is 6
[2024-05-15 09:23:16,456 I 30434 30434] (raylet) worker_pool.cc:494: Started worker process with pid 30523, the token is 7
[2024-05-15 09:23:16,458 I 30434 30434] (raylet) worker_pool.cc:494: Started worker process with pid 30524, the token is 8
[2024-05-15 09:23:16,467 I 30434 30434] (raylet) worker_pool.cc:494: Started worker process with pid 30525, the token is 9
[2024-05-15 09:23:16,469 I 30434 30434] (raylet) worker_pool.cc:494: Started worker process with pid 30526, the token is 10
[2024-05-15 09:23:16,478 I 30434 30434] (raylet) worker_pool.cc:494: Started worker process with pid 30527, the token is 11
[2024-05-15 09:23:16,807 I 30434 30462] (raylet) object_store.cc:35: Object store current usage 8e-09 / 18.2564 GB.
[2024-05-15 09:23:16,919 I 30434 30434] (raylet) node_manager.cc:606: New job has started. Job id 01000000 Driver pid 30255 is dead: 0 driver address: 192.168.1.56
[2024-05-15 09:23:16,919 I 30434 30434] (raylet) worker_pool.cc:677: Job 01000000 already started in worker pool.
[2024-05-15 09:23:17,132 I 30434 30434] (raylet) runtime_env_agent_client.cc:369: Create runtime env for job 01000000
[2024-05-15 09:23:17,134 I 30434 30434] (raylet) worker_pool.cc:494: Started worker process with pid 31255, the token is 12
[2024-05-15 09:23:17,944 I 30434 30434] (raylet) node_manager.cc:1436: NodeManager::DisconnectClient, disconnect_type=1, has creation task exception = false
[2024-05-15 09:23:17,945 I 30434 30434] (raylet) node_manager.cc:1436: NodeManager::DisconnectClient, disconnect_type=1, has creation task exception = false
[2024-05-15 09:23:17,945 I 30434 30434] (raylet) node_manager.cc:1436: NodeManager::DisconnectClient, disconnect_type=1, has creation task exception = false
[2024-05-15 09:23:17,946 I 30434 30434] (raylet) node_manager.cc:1436: NodeManager::DisconnectClient, disconnect_type=1, has creation task exception = false
[2024-05-15 09:23:18,148 I 30434 30434] (raylet) node_manager.cc:1436: NodeManager::DisconnectClient, disconnect_type=1, has creation task exception = false
[2024-05-15 09:23:19,046 I 30434 30434] (raylet) runtime_env_agent_client.cc:369: Create runtime env for job 01000000
[2024-05-15 09:23:19,049 I 30434 30434] (raylet) worker_pool.cc:494: Started worker process with pid 31343, the token is 13
[2024-05-15 09:23:19,049 I 30434 30434] (raylet) runtime_env_agent_client.cc:369: Create runtime env for job 01000000
[2024-05-15 09:23:19,051 I 30434 30434] (raylet) worker_pool.cc:494: Started worker process with pid 31344, the token is 14
[2024-05-15 09:23:19,051 I 30434 30434] (raylet) runtime_env_agent_client.cc:369: Create runtime env for job 01000000
[2024-05-15 09:23:19,053 I 30434 30434] (raylet) worker_pool.cc:494: Started worker process with pid 31345, the token is 15
[2024-05-15 09:23:19,054 I 30434 30434] (raylet) runtime_env_agent_client.cc:369: Create runtime env for job 01000000
[2024-05-15 09:23:19,056 I 30434 30434] (raylet) worker_pool.cc:494: Started worker process with pid 31346, the token is 16
[2024-05-15 09:23:21,340 W 30434 30434] (raylet) memory_monitor.cc:197: Got negative used memory for cgroup -1, setting it to zero
