[2024-05-15 09:19:29,376 I 23974 23974] (gcs_server) io_service_pool.cc:35: IOServicePool is running with 1 io_service.
[2024-05-15 09:19:29,377 I 23974 23974] (gcs_server) event.cc:234: Set ray event level to warning
[2024-05-15 09:19:29,377 I 23974 23974] (gcs_server) event.cc:342: Ray Event initialized for GCS
[2024-05-15 09:19:29,377 I 23974 23974] (gcs_server) gcs_server.cc:74: GCS storage type is StorageType::IN_MEMORY
[2024-05-15 09:19:29,378 I 23974 23974] (gcs_server) gcs_init_data.cc:42: Loading job table data.
[2024-05-15 09:19:29,378 I 23974 23974] (gcs_server) gcs_init_data.cc:54: Loading node table data.
[2024-05-15 09:19:29,378 I 23974 23974] (gcs_server) gcs_init_data.cc:80: Loading actor table data.
[2024-05-15 09:19:29,378 I 23974 23974] (gcs_server) gcs_init_data.cc:93: Loading actor task spec table data.
[2024-05-15 09:19:29,378 I 23974 23974] (gcs_server) gcs_init_data.cc:66: Loading placement group table data.
[2024-05-15 09:19:29,378 I 23974 23974] (gcs_server) gcs_init_data.cc:46: Finished loading job table data, size = 0
[2024-05-15 09:19:29,378 I 23974 23974] (gcs_server) gcs_init_data.cc:58: Finished loading node table data, size = 0
[2024-05-15 09:19:29,378 I 23974 23974] (gcs_server) gcs_init_data.cc:84: Finished loading actor table data, size = 0
[2024-05-15 09:19:29,378 I 23974 23974] (gcs_server) gcs_init_data.cc:97: Finished loading actor task spec table data, size = 0
[2024-05-15 09:19:29,378 I 23974 23974] (gcs_server) gcs_init_data.cc:71: Finished loading placement group table data, size = 0
[2024-05-15 09:19:29,378 I 23974 23974] (gcs_server) gcs_server.cc:162: No existing server cluster ID found. Generating new ID: 25b549eeebc5d14c188b2758b99248779753f165a1262902a90adf06
[2024-05-15 09:19:29,378 I 23974 23974] (gcs_server) gcs_server.cc:648: Autoscaler V2 enabled: 0
[2024-05-15 09:19:29,379 I 23974 23974] (gcs_server) grpc_server.cc:134: GcsServer server started, listening on port 62418.
[2024-05-15 09:19:29,403 I 23974 23974] (gcs_server) gcs_server.cc:250: GcsNodeManager: 
- RegisterNode request count: 0
- DrainNode request count: 0
- GetAllNodeInfo request count: 0
- GetInternalConfig request count: 0

GcsActorManager: 
- RegisterActor request count: 0
- CreateActor request count: 0
- GetActorInfo request count: 0
- GetNamedActorInfo request count: 0
- GetAllActorInfo request count: 0
- KillActor request count: 0
- ListNamedActors request count: 0
- Registered actors count: 0
- Destroyed actors count: 0
- Named actors count: 0
- Unresolved actors count: 0
- Pending actors count: 0
- Created actors count: 0
- owners_: 0
- actor_to_register_callbacks_: 0
- actor_to_create_callbacks_: 0
- sorted_destroyed_actor_list_: 0

GcsResourceManager: 
- GetAllAvailableResources request count0
- GetAllResourceUsage request count: 0

GcsPlacementGroupManager: 
- CreatePlacementGroup request count: 0
- RemovePlacementGroup request count: 0
- GetPlacementGroup request count: 0
- GetAllPlacementGroup request count: 0
- WaitPlacementGroupUntilReady request count: 0
- GetNamedPlacementGroup request count: 0
- Scheduling pending placement group count: 0
- Registered placement groups count: 0
- Named placement group count: 0
- Pending placement groups count: 0
- Infeasible placement groups count: 0

Publisher:

[runtime env manager] ID to URIs table:
[runtime env manager] URIs reference table:

GcsTaskManager: 
-Total num task events reported: 0
-Total num status task events dropped: 0
-Total num profile events dropped: 0
-Current num of task events stored: 0
-Total num of actor creation tasks: 0
-Total num of actor tasks: 0
-Total num of normal tasks: 0
-Total num of driver tasks: 0


[2024-05-15 09:19:29,404 I 23974 23974] (gcs_server) gcs_server.cc:844: Event stats:


Global stats: 33 total (22 active)
Queueing time: mean = 2.322 ms, max = 25.578 ms, min = 980.000 ns, total = 76.628 ms
Execution time:  mean = 776.303 us, total = 25.618 ms
Event stats:
	InternalKVGcsService.grpc_client.InternalKVPut - 6 total (6 active), Execution time: mean = 0.000 s, total = 0.000 s, Queueing time: mean = 0.000 s, max = -0.000 s, min = 9223372036.855 s, total = 0.000 s
	InternalKVGcsService.grpc_server.InternalKVPut - 6 total (6 active), Execution time: mean = 0.000 s, total = 0.000 s, Queueing time: mean = 0.000 s, max = -0.000 s, min = 9223372036.855 s, total = 0.000 s
	InternalKVGcsService.grpc_server.InternalKVPut.HandleRequestImpl - 6 total (6 active), Execution time: mean = 0.000 s, total = 0.000 s, Queueing time: mean = 0.000 s, max = -0.000 s, min = 9223372036.855 s, total = 0.000 s
	GcsInMemoryStore.GetAll - 5 total (0 active), Execution time: mean = 4.218 us, total = 21.090 us, Queueing time: mean = 16.136 us, max = 17.640 us, min = 14.620 us, total = 80.680 us
	PeriodicalRunner.RunFnPeriodically - 4 total (2 active, 1 running), Execution time: mean = 610.000 ns, total = 2.440 us, Queueing time: mean = 12.782 ms, max = 25.578 ms, min = 25.552 ms, total = 51.130 ms
	GcsInMemoryStore.Put - 3 total (0 active), Execution time: mean = 8.530 ms, total = 25.589 ms, Queueing time: mean = 8.472 ms, max = 25.414 ms, min = 980.000 ns, total = 25.416 ms
	RayletLoadPulled - 1 total (1 active), Execution time: mean = 0.000 s, total = 0.000 s, Queueing time: mean = 0.000 s, max = -0.000 s, min = 9223372036.855 s, total = 0.000 s
	ClusterResourceManager.ResetRemoteNodeView - 1 total (1 active), Execution time: mean = 0.000 s, total = 0.000 s, Queueing time: mean = 0.000 s, max = -0.000 s, min = 9223372036.855 s, total = 0.000 s
	GcsInMemoryStore.Get - 1 total (0 active), Execution time: mean = 5.020 us, total = 5.020 us, Queueing time: mean = 1.280 us, max = 1.280 us, min = 1.280 us, total = 1.280 us


[2024-05-15 09:19:29,404 I 23974 23974] (gcs_server) gcs_server.cc:845: GcsTaskManager Event stats:


Global stats: 2 total (1 active)
Queueing time: mean = 46.570 us, max = 93.140 us, min = 93.140 us, total = 93.140 us
Execution time:  mean = 12.700 us, total = 25.400 us
Event stats:
	PeriodicalRunner.RunFnPeriodically - 1 total (0 active), Execution time: mean = 25.400 us, total = 25.400 us, Queueing time: mean = 93.140 us, max = 93.140 us, min = 93.140 us, total = 93.140 us
	GcsTaskManager.GcJobSummary - 1 total (1 active), Execution time: mean = 0.000 s, total = 0.000 s, Queueing time: mean = 0.000 s, max = -0.000 s, min = 9223372036.855 s, total = 0.000 s


[2024-05-15 09:19:30,775 I 23974 23974] (gcs_server) gcs_node_manager.cc:55: Registering node info, node id = 322143802a8bacf17c2cb297db90b6d597468f55c850b24b440b447b, address = 192.168.1.56, node name = 192.168.1.56
[2024-05-15 09:19:30,775 I 23974 23974] (gcs_server) gcs_node_manager.cc:61: Finished registering node info, node id = 322143802a8bacf17c2cb297db90b6d597468f55c850b24b440b447b, address = 192.168.1.56, node name = 192.168.1.56
[2024-05-15 09:19:30,776 I 23974 23974] (gcs_server) gcs_placement_group_manager.cc:797: A new node: 322143802a8bacf17c2cb297db90b6d597468f55c850b24b440b447b registered, will try to reschedule all the infeasible placement groups.
[2024-05-15 09:19:31,367 I 23974 23974] (gcs_server) gcs_job_manager.cc:42: Adding job, job id = 01000000, driver pid = 23913
[2024-05-15 09:19:31,367 I 23974 23974] (gcs_server) gcs_job_manager.cc:57: Finished adding job, job id = 01000000, driver pid = 23913
[2024-05-15 09:19:31,399 I 23974 23974] (gcs_server) gcs_placement_group_manager.cc:432: Registering placement group, placement group id = 486f798c40a870f1d3f75646414a01000000, name = , strategy = 0
[2024-05-15 09:19:31,399 I 23974 23974] (gcs_server) gcs_placement_group_manager.cc:436: Finished registering placement group, placement group id = 486f798c40a870f1d3f75646414a01000000, name = , strategy = 0
[2024-05-15 09:19:31,399 I 23974 23974] (gcs_server) gcs_placement_group_scheduler.cc:185: Preparing resource from node 322143802a8bacf17c2cb297db90b6d597468f55c850b24b440b447b for bundles: {placement group id={486f798c40a870f1d3f75646414a01000000}, bundle index={0}},{placement group id={486f798c40a870f1d3f75646414a01000000}, bundle index={1}},{placement group id={486f798c40a870f1d3f75646414a01000000}, bundle index={2}},{placement group id={486f798c40a870f1d3f75646414a01000000}, bundle index={3}},{placement group id={486f798c40a870f1d3f75646414a01000000}, bundle index={4}},
[2024-05-15 09:19:31,400 I 23974 23974] (gcs_server) gcs_placement_group_scheduler.cc:195: Finished leasing resource from 322143802a8bacf17c2cb297db90b6d597468f55c850b24b440b447b for bundles: {placement group id={486f798c40a870f1d3f75646414a01000000}, bundle index={0}},{placement group id={486f798c40a870f1d3f75646414a01000000}, bundle index={1}},{placement group id={486f798c40a870f1d3f75646414a01000000}, bundle index={2}},{placement group id={486f798c40a870f1d3f75646414a01000000}, bundle index={3}},{placement group id={486f798c40a870f1d3f75646414a01000000}, bundle index={4}},
[2024-05-15 09:19:31,400 I 23974 23974] (gcs_server) gcs_placement_group_scheduler.cc:213: Committing resource to a node 322143802a8bacf17c2cb297db90b6d597468f55c850b24b440b447b for bundles: {placement group id={486f798c40a870f1d3f75646414a01000000}, bundle index={0}},{placement group id={486f798c40a870f1d3f75646414a01000000}, bundle index={1}},{placement group id={486f798c40a870f1d3f75646414a01000000}, bundle index={2}},{placement group id={486f798c40a870f1d3f75646414a01000000}, bundle index={3}},{placement group id={486f798c40a870f1d3f75646414a01000000}, bundle index={4}},
[2024-05-15 09:19:31,400 I 23974 23974] (gcs_server) gcs_placement_group_scheduler.cc:220: Finished committing resource to 322143802a8bacf17c2cb297db90b6d597468f55c850b24b440b447b for bundles: {placement group id={486f798c40a870f1d3f75646414a01000000}, bundle index={0}},{placement group id={486f798c40a870f1d3f75646414a01000000}, bundle index={1}},{placement group id={486f798c40a870f1d3f75646414a01000000}, bundle index={2}},{placement group id={486f798c40a870f1d3f75646414a01000000}, bundle index={3}},{placement group id={486f798c40a870f1d3f75646414a01000000}, bundle index={4}},
[2024-05-15 09:19:31,401 I 23974 23974] (gcs_server) gcs_placement_group_manager.cc:321: Successfully created placement group , id: 486f798c40a870f1d3f75646414a01000000
[2024-05-15 09:19:31,581 I 23974 23974] (gcs_server) gcs_actor_manager.cc:262: Registering actor, job id = 01000000, actor id = 0719ba00ba0b5675585de11d01000000
[2024-05-15 09:19:31,581 I 23974 23974] (gcs_server) gcs_actor_manager.cc:268: Registered actor, job id = 01000000, actor id = 0719ba00ba0b5675585de11d01000000
[2024-05-15 09:19:31,582 I 23974 23974] (gcs_server) gcs_actor_manager.cc:287: Creating actor, job id = 01000000, actor id = 0719ba00ba0b5675585de11d01000000
[2024-05-15 09:19:31,583 I 23974 23974] (gcs_server) gcs_actor_scheduler.cc:312: Start leasing worker from node 322143802a8bacf17c2cb297db90b6d597468f55c850b24b440b447b for actor 0719ba00ba0b5675585de11d01000000, job id = 01000000
[2024-05-15 09:19:31,987 I 23974 23974] (gcs_server) gcs_actor_scheduler.cc:633: Finished leasing worker from 322143802a8bacf17c2cb297db90b6d597468f55c850b24b440b447b for actor 0719ba00ba0b5675585de11d01000000, job id = 01000000
[2024-05-15 09:19:31,987 I 23974 23974] (gcs_server) gcs_actor_scheduler.cc:447: Start creating actor 0719ba00ba0b5675585de11d01000000 on worker 09a021e1580a8a10e3f9e66f2eed1bc46e2049f3a43caeb389090ae2 at node 322143802a8bacf17c2cb297db90b6d597468f55c850b24b440b447b, job id = 01000000
[2024-05-15 09:19:33,538 I 23974 23974] (gcs_server) gcs_actor_manager.cc:262: Registering actor, job id = 01000000, actor id = 5d51a5db74f9d1a22bb0eef401000000
[2024-05-15 09:19:33,539 I 23974 23974] (gcs_server) gcs_actor_manager.cc:268: Registered actor, job id = 01000000, actor id = 5d51a5db74f9d1a22bb0eef401000000
[2024-05-15 09:19:33,539 I 23974 23974] (gcs_server) gcs_actor_manager.cc:287: Creating actor, job id = 01000000, actor id = 5d51a5db74f9d1a22bb0eef401000000
[2024-05-15 09:19:33,539 I 23974 23974] (gcs_server) gcs_actor_scheduler.cc:312: Start leasing worker from node 322143802a8bacf17c2cb297db90b6d597468f55c850b24b440b447b for actor 5d51a5db74f9d1a22bb0eef401000000, job id = 01000000
[2024-05-15 09:19:33,539 I 23974 23974] (gcs_server) gcs_actor_manager.cc:262: Registering actor, job id = 01000000, actor id = cccd744a25e73a453f97355401000000
[2024-05-15 09:19:33,540 I 23974 23974] (gcs_server) gcs_actor_manager.cc:268: Registered actor, job id = 01000000, actor id = cccd744a25e73a453f97355401000000
[2024-05-15 09:19:33,540 I 23974 23974] (gcs_server) gcs_actor_manager.cc:287: Creating actor, job id = 01000000, actor id = cccd744a25e73a453f97355401000000
[2024-05-15 09:19:33,540 I 23974 23974] (gcs_server) gcs_actor_scheduler.cc:312: Start leasing worker from node 322143802a8bacf17c2cb297db90b6d597468f55c850b24b440b447b for actor cccd744a25e73a453f97355401000000, job id = 01000000
[2024-05-15 09:19:33,540 I 23974 23974] (gcs_server) gcs_actor_manager.cc:262: Registering actor, job id = 01000000, actor id = 835b092645f7e78f977631cd01000000
[2024-05-15 09:19:33,540 I 23974 23974] (gcs_server) gcs_actor_manager.cc:268: Registered actor, job id = 01000000, actor id = 835b092645f7e78f977631cd01000000
[2024-05-15 09:19:33,541 I 23974 23974] (gcs_server) gcs_actor_manager.cc:287: Creating actor, job id = 01000000, actor id = 835b092645f7e78f977631cd01000000
[2024-05-15 09:19:33,541 I 23974 23974] (gcs_server) gcs_actor_scheduler.cc:312: Start leasing worker from node 322143802a8bacf17c2cb297db90b6d597468f55c850b24b440b447b for actor 835b092645f7e78f977631cd01000000, job id = 01000000
[2024-05-15 09:19:33,541 I 23974 23974] (gcs_server) gcs_actor_manager.cc:262: Registering actor, job id = 01000000, actor id = d8cbd19b2d257ee31de31a8901000000
[2024-05-15 09:19:33,542 I 23974 23974] (gcs_server) gcs_actor_manager.cc:268: Registered actor, job id = 01000000, actor id = d8cbd19b2d257ee31de31a8901000000
[2024-05-15 09:19:33,542 I 23974 23974] (gcs_server) gcs_actor_manager.cc:287: Creating actor, job id = 01000000, actor id = d8cbd19b2d257ee31de31a8901000000
[2024-05-15 09:19:33,542 I 23974 23974] (gcs_server) gcs_actor_scheduler.cc:312: Start leasing worker from node 322143802a8bacf17c2cb297db90b6d597468f55c850b24b440b447b for actor d8cbd19b2d257ee31de31a8901000000, job id = 01000000
[2024-05-15 09:19:33,961 I 23974 23974] (gcs_server) gcs_actor_scheduler.cc:633: Finished leasing worker from 322143802a8bacf17c2cb297db90b6d597468f55c850b24b440b447b for actor cccd744a25e73a453f97355401000000, job id = 01000000
[2024-05-15 09:19:33,961 I 23974 23974] (gcs_server) gcs_actor_scheduler.cc:447: Start creating actor cccd744a25e73a453f97355401000000 on worker cf13e1dd7b63e78f5580dc3e7561fc56819d9d92ccdc134e3d810783 at node 322143802a8bacf17c2cb297db90b6d597468f55c850b24b440b447b, job id = 01000000
[2024-05-15 09:19:34,011 I 23974 23974] (gcs_server) gcs_actor_scheduler.cc:633: Finished leasing worker from 322143802a8bacf17c2cb297db90b6d597468f55c850b24b440b447b for actor d8cbd19b2d257ee31de31a8901000000, job id = 01000000
[2024-05-15 09:19:34,011 I 23974 23974] (gcs_server) gcs_actor_scheduler.cc:447: Start creating actor d8cbd19b2d257ee31de31a8901000000 on worker e76f309471a55a309afd864f3af9ce8abe6bb8b35beadcfa46679e2d at node 322143802a8bacf17c2cb297db90b6d597468f55c850b24b440b447b, job id = 01000000
[2024-05-15 09:19:34,061 I 23974 23974] (gcs_server) gcs_actor_scheduler.cc:633: Finished leasing worker from 322143802a8bacf17c2cb297db90b6d597468f55c850b24b440b447b for actor 5d51a5db74f9d1a22bb0eef401000000, job id = 01000000
[2024-05-15 09:19:34,062 I 23974 23974] (gcs_server) gcs_actor_scheduler.cc:447: Start creating actor 5d51a5db74f9d1a22bb0eef401000000 on worker fb9598648ce04044c1d12aea113547920f6478f03059d34c2f39552e at node 322143802a8bacf17c2cb297db90b6d597468f55c850b24b440b447b, job id = 01000000
[2024-05-15 09:19:34,114 I 23974 23974] (gcs_server) gcs_actor_scheduler.cc:633: Finished leasing worker from 322143802a8bacf17c2cb297db90b6d597468f55c850b24b440b447b for actor 835b092645f7e78f977631cd01000000, job id = 01000000
[2024-05-15 09:19:34,115 I 23974 23974] (gcs_server) gcs_actor_scheduler.cc:447: Start creating actor 835b092645f7e78f977631cd01000000 on worker ca15d91423a5ad101b3a5cea1bab7be41c8978e2eb6850584981223a at node 322143802a8bacf17c2cb297db90b6d597468f55c850b24b440b447b, job id = 01000000
[2024-05-15 09:19:39,390 W 23974 23995] (gcs_server) metric_exporter.cc:105: [1] Export metrics to agent failed: GrpcUnavailable: RPC Error message: failed to connect to all addresses; last error: UNKNOWN: ipv4:127.0.0.1:60081: Failed to connect to remote host: Connection refused; RPC Error details: . This won't affect Ray, but you can lose metrics from the cluster.
