[2024-05-15 09:19:30,764 I 24097 24097] (raylet) main.cc:179: Setting cluster ID to: 25b549eeebc5d14c188b2758b99248779753f165a1262902a90adf06
[2024-05-15 09:19:30,765 I 24097 24097] (raylet) main.cc:242: Raylet is not set to kill unknown children.
[2024-05-15 09:19:30,765 I 24097 24097] (raylet) io_service_pool.cc:35: IOServicePool is running with 1 io_service.
[2024-05-15 09:19:30,766 I 24097 24097] (raylet) main.cc:371: Setting node ID to: 322143802a8bacf17c2cb297db90b6d597468f55c850b24b440b447b
[2024-05-15 09:19:30,766 I 24097 24097] (raylet) store_runner.cc:32: Allowing the Plasma store to use up to 18.3211GB of memory.
[2024-05-15 09:19:30,766 I 24097 24097] (raylet) store_runner.cc:48: Starting object store with directory /dev/shm, fallback /home/valapeos/Projects/pneumarl/logs/rllib, and huge page support disabled
[2024-05-15 09:19:30,766 I 24097 24125] (raylet) dlmalloc.cc:154: create_and_mmap_buffer(18321113096, /dev/shm/plasmaXXXXXX)
[2024-05-15 09:19:30,766 I 24097 24125] (raylet) store.cc:564: ========== Plasma store: =================
Current usage: 0 / 18.3211 GB
- num bytes created total: 0
0 pending objects of total size 0MB
- objects spillable: 0
- bytes spillable: 0
- objects unsealed: 0
- bytes unsealed: 0
- objects in use: 0
- bytes in use: 0
- objects evictable: 0
- bytes evictable: 0

- objects created by worker: 0
- bytes created by worker: 0
- objects restored: 0
- bytes restored: 0
- objects received: 0
- bytes received: 0
- objects errored: 0
- bytes errored: 0

[2024-05-15 09:19:30,767 I 24097 24097] (raylet) grpc_server.cc:134: ObjectManager server started, listening on port 38613.
[2024-05-15 09:19:30,769 I 24097 24097] (raylet) worker_killing_policy.cc:101: Running GroupByOwner policy.
[2024-05-15 09:19:30,769 W 24097 24097] (raylet) memory_monitor.cc:197: Got negative used memory for cgroup -1, setting it to zero
[2024-05-15 09:19:30,769 I 24097 24097] (raylet) memory_monitor.cc:47: MemoryMonitor initialized with usage threshold at 63982133248 bytes (0.95 system memory), total system memory bytes: 67349614592
[2024-05-15 09:19:30,769 I 24097 24097] (raylet) node_manager.cc:285: Initializing NodeManager with ID 322143802a8bacf17c2cb297db90b6d597468f55c850b24b440b447b
[2024-05-15 09:19:30,769 I 24097 24097] (raylet) grpc_server.cc:134: NodeManager server started, listening on port 40935.
[2024-05-15 09:19:30,774 I 24097 24159] (raylet) agent_manager.cc:78: Monitor agent process with name dashboard_agent/424238335
[2024-05-15 09:19:30,775 I 24097 24161] (raylet) agent_manager.cc:78: Monitor agent process with name runtime_env_agent
[2024-05-15 09:19:30,775 I 24097 24097] (raylet) event.cc:234: Set ray event level to warning
[2024-05-15 09:19:30,775 I 24097 24097] (raylet) event.cc:342: Ray Event initialized for RAYLET
[2024-05-15 09:19:30,776 I 24097 24097] (raylet) raylet.cc:128: Raylet of id, 322143802a8bacf17c2cb297db90b6d597468f55c850b24b440b447b started. Raylet consists of node_manager and object_manager. node_manager address: 192.168.1.56:40935 object_manager address: 192.168.1.56:38613 hostname: valanixos
[2024-05-15 09:19:30,777 I 24097 24097] (raylet) node_manager.cc:521: [state-dump] NodeManager:
[state-dump] Node ID: 322143802a8bacf17c2cb297db90b6d597468f55c850b24b440b447b
[state-dump] Node name: 192.168.1.56
[state-dump] InitialConfigResources: {object_store_memory: 183210811390000, node:192.168.1.56: 10000, memory: 366421622790000, node:__internal_head__: 10000, CPU: 120000}
[state-dump] ClusterTaskManager:
[state-dump] ========== Node: 322143802a8bacf17c2cb297db90b6d597468f55c850b24b440b447b =================
[state-dump] Infeasible queue length: 0
[state-dump] Schedule queue length: 0
[state-dump] Dispatch queue length: 0
[state-dump] num_waiting_for_resource: 0
[state-dump] num_waiting_for_plasma_memory: 0
[state-dump] num_waiting_for_remote_node_resources: 0
[state-dump] num_worker_not_started_by_job_config_not_exist: 0
[state-dump] num_worker_not_started_by_registration_timeout: 0
[state-dump] num_tasks_waiting_for_workers: 0
[state-dump] num_cancelled_tasks: 0
[state-dump] cluster_resource_scheduler state: 
[state-dump] Local id: 6857835085091698370 Local resources: {"total":{node:__internal_head__: [10000], memory: [366421622790000], object_store_memory: [183210811390000], CPU: [120000], node:192.168.1.56: [10000]}}, "available": {node:__internal_head__: [10000], memory: [366421622790000], object_store_memory: [183210811390000], CPU: [120000], node:192.168.1.56: [10000]}}, "labels":{"ray.io/node_id":"322143802a8bacf17c2cb297db90b6d597468f55c850b24b440b447b",} is_draining: 0 is_idle: 1 Cluster resources: node id: 6857835085091698370{"total":{object_store_memory: 183210811390000, CPU: 120000, node:__internal_head__: 10000, node:192.168.1.56: 10000, memory: 366421622790000}}, "available": {object_store_memory: 183210811390000, CPU: 120000, node:__internal_head__: 10000, node:192.168.1.56: 10000, memory: 366421622790000}}, "labels":{"ray.io/node_id":"322143802a8bacf17c2cb297db90b6d597468f55c850b24b440b447b",}, "is_draining": 0, "draining_deadline_timestamp_ms": -1} { "placment group locations": [], "node to bundles": []}
[state-dump] Waiting tasks size: 0
[state-dump] Number of executing tasks: 0
[state-dump] Number of pinned task arguments: 0
[state-dump] Number of total spilled tasks: 0
[state-dump] Number of spilled waiting tasks: 0
[state-dump] Number of spilled unschedulable tasks: 0
[state-dump] Resource usage {
[state-dump] }
[state-dump] Running tasks by scheduling class:
[state-dump] ==================================================
[state-dump] 
[state-dump] ClusterResources:
[state-dump] LocalObjectManager:
[state-dump] - num pinned objects: 0
[state-dump] - pinned objects size: 0
[state-dump] - num objects pending restore: 0
[state-dump] - num objects pending spill: 0
[state-dump] - num bytes pending spill: 0
[state-dump] - num bytes currently spilled: 0
[state-dump] - cumulative spill requests: 0
[state-dump] - cumulative restore requests: 0
[state-dump] - spilled objects pending delete: 0
[state-dump] 
[state-dump] ObjectManager:
[state-dump] - num local objects: 0
[state-dump] - num unfulfilled push requests: 0
[state-dump] - num object pull requests: 0
[state-dump] - num chunks received total: 0
[state-dump] - num chunks received failed (all): 0
[state-dump] - num chunks received failed / cancelled: 0
[state-dump] - num chunks received failed / plasma error: 0
[state-dump] Event stats:
[state-dump] Global stats: 0 total (0 active)
[state-dump] Queueing time: mean = -nan s, max = -0.000 s, min = 9223372036.855 s, total = 0.000 s
[state-dump] Execution time:  mean = -nan s, total = 0.000 s
[state-dump] Event stats:
[state-dump] PushManager:
[state-dump] - num pushes in flight: 0
[state-dump] - num chunks in flight: 0
[state-dump] - num chunks remaining: 0
[state-dump] - max chunks allowed: 409
[state-dump] OwnershipBasedObjectDirectory:
[state-dump] - num listeners: 0
[state-dump] - cumulative location updates: 0
[state-dump] - num location updates per second: 0.000
[state-dump] - num location lookups per second: 0.000
[state-dump] - num locations added per second: 0.000
[state-dump] - num locations removed per second: 0.000
[state-dump] BufferPool:
[state-dump] - create buffer state map size: 0
[state-dump] PullManager:
[state-dump] - num bytes available for pulled objects: 18321081139
[state-dump] - num bytes being pulled (all): 0
[state-dump] - num bytes being pulled / pinned: 0
[state-dump] - get request bundles: BundlePullRequestQueue{0 total, 0 active, 0 inactive, 0 unpullable}
[state-dump] - wait request bundles: BundlePullRequestQueue{0 total, 0 active, 0 inactive, 0 unpullable}
[state-dump] - task request bundles: BundlePullRequestQueue{0 total, 0 active, 0 inactive, 0 unpullable}
[state-dump] - first get request bundle: N/A
[state-dump] - first wait request bundle: N/A
[state-dump] - first task request bundle: N/A
[state-dump] - num objects queued: 0
[state-dump] - num objects actively pulled (all): 0
[state-dump] - num objects actively pulled / pinned: 0
[state-dump] - num bundles being pulled: 0
[state-dump] - num pull retries: 0
[state-dump] - max timeout seconds: 0
[state-dump] - max timeout request is already processed. No entry.
[state-dump] 
[state-dump] WorkerPool:
[state-dump] - registered jobs: 0
[state-dump] - process_failed_job_config_missing: 0
[state-dump] - process_failed_rate_limited: 0
[state-dump] - process_failed_pending_registration: 0
[state-dump] - process_failed_runtime_env_setup_failed: 0
[state-dump] - num PYTHON workers: 0
[state-dump] - num PYTHON drivers: 0
[state-dump] - num object spill callbacks queued: 0
[state-dump] - num object restore queued: 0
[state-dump] - num util functions queued: 0
[state-dump] - num idle workers: 0
[state-dump] TaskDependencyManager:
[state-dump] - task deps map size: 0
[state-dump] - get req map size: 0
[state-dump] - wait req map size: 0
[state-dump] - local objects map size: 0
[state-dump] WaitManager:
[state-dump] - num active wait requests: 0
[state-dump] Subscriber:
[state-dump] Channel WORKER_OBJECT_EVICTION
[state-dump] - cumulative subscribe requests: 0
[state-dump] - cumulative unsubscribe requests: 0
[state-dump] - active subscribed publishers: 0
[state-dump] - cumulative published messages: 0
[state-dump] - cumulative processed messages: 0
[state-dump] Channel WORKER_REF_REMOVED_CHANNEL
[state-dump] - cumulative subscribe requests: 0
[state-dump] - cumulative unsubscribe requests: 0
[state-dump] - active subscribed publishers: 0
[state-dump] - cumulative published messages: 0
[state-dump] - cumulative processed messages: 0
[state-dump] Channel WORKER_OBJECT_LOCATIONS_CHANNEL
[state-dump] - cumulative subscribe requests: 0
[state-dump] - cumulative unsubscribe requests: 0
[state-dump] - active subscribed publishers: 0
[state-dump] - cumulative published messages: 0
[state-dump] - cumulative processed messages: 0
[state-dump] num async plasma notifications: 0
[state-dump] Remote node managers: 
[state-dump] Event stats:
[state-dump] Global stats: 27 total (13 active)
[state-dump] Queueing time: mean = 855.480 us, max = 6.594 ms, min = 4.900 us, total = 23.098 ms
[state-dump] Execution time:  mean = 455.663 us, total = 12.303 ms
[state-dump] Event stats:
[state-dump] 	PeriodicalRunner.RunFnPeriodically - 11 total (2 active, 1 running), Execution time: mean = 81.224 us, total = 893.469 us, Queueing time: mean = 2.099 ms, max = 6.594 ms, min = 20.180 us, total = 23.086 ms
[state-dump] 	NodeInfoGcsService.grpc_client.GetInternalConfig.OnReplyReceived - 1 total (0 active), Execution time: mean = 10.163 ms, total = 10.163 ms, Queueing time: mean = 7.490 us, max = 7.490 us, min = 7.490 us, total = 7.490 us
[state-dump] 	InternalPubSubGcsService.grpc_client.GcsSubscriberCommandBatch - 1 total (0 active), Execution time: mean = 247.170 us, total = 247.170 us, Queueing time: mean = 0.000 s, max = -0.000 s, min = 9223372036.855 s, total = 0.000 s
[state-dump] 	NodeManager.deadline_timer.spill_objects_when_over_threshold - 1 total (1 active), Execution time: mean = 0.000 s, total = 0.000 s, Queueing time: mean = 0.000 s, max = -0.000 s, min = 9223372036.855 s, total = 0.000 s
[state-dump] 	NodeInfoGcsService.grpc_client.RegisterNode - 1 total (0 active), Execution time: mean = 498.049 us, total = 498.049 us, Queueing time: mean = 0.000 s, max = -0.000 s, min = 9223372036.855 s, total = 0.000 s
[state-dump] 	NodeManager.ScheduleAndDispatchTasks - 1 total (1 active), Execution time: mean = 0.000 s, total = 0.000 s, Queueing time: mean = 0.000 s, max = -0.000 s, min = 9223372036.855 s, total = 0.000 s
[state-dump] 	NodeManager.deadline_timer.flush_free_objects - 1 total (1 active), Execution time: mean = 0.000 s, total = 0.000 s, Queueing time: mean = 0.000 s, max = -0.000 s, min = 9223372036.855 s, total = 0.000 s
[state-dump] 	ClusterResourceManager.ResetRemoteNodeView - 1 total (1 active), Execution time: mean = 0.000 s, total = 0.000 s, Queueing time: mean = 0.000 s, max = -0.000 s, min = 9223372036.855 s, total = 0.000 s
[state-dump] 	NodeManager.deadline_timer.record_metrics - 1 total (1 active), Execution time: mean = 0.000 s, total = 0.000 s, Queueing time: mean = 0.000 s, max = -0.000 s, min = 9223372036.855 s, total = 0.000 s
[state-dump] 	InternalPubSubGcsService.grpc_client.GcsSubscriberCommandBatch.OnReplyReceived - 1 total (1 active), Execution time: mean = 0.000 s, total = 0.000 s, Queueing time: mean = 0.000 s, max = -0.000 s, min = 9223372036.855 s, total = 0.000 s
[state-dump] 	NodeManager.GCTaskFailureReason - 1 total (1 active), Execution time: mean = 0.000 s, total = 0.000 s, Queueing time: mean = 0.000 s, max = -0.000 s, min = 9223372036.855 s, total = 0.000 s
[state-dump] 	NodeInfoGcsService.grpc_client.RegisterNode.OnReplyReceived - 1 total (0 active), Execution time: mean = 144.900 us, total = 144.900 us, Queueing time: mean = 4.900 us, max = 4.900 us, min = 4.900 us, total = 4.900 us
[state-dump] 	InternalPubSubGcsService.grpc_client.GcsSubscriberPoll - 1 total (1 active), Execution time: mean = 0.000 s, total = 0.000 s, Queueing time: mean = 0.000 s, max = -0.000 s, min = 9223372036.855 s, total = 0.000 s
[state-dump] 	MemoryMonitor.CheckIsMemoryUsageAboveThreshold - 1 total (1 active), Execution time: mean = 0.000 s, total = 0.000 s, Queueing time: mean = 0.000 s, max = -0.000 s, min = 9223372036.855 s, total = 0.000 s
[state-dump] 	NodeManager.deadline_timer.debug_state_dump - 1 total (1 active), Execution time: mean = 0.000 s, total = 0.000 s, Queueing time: mean = 0.000 s, max = -0.000 s, min = 9223372036.855 s, total = 0.000 s
[state-dump] 	RayletWorkerPool.deadline_timer.kill_idle_workers - 1 total (1 active), Execution time: mean = 0.000 s, total = 0.000 s, Queueing time: mean = 0.000 s, max = -0.000 s, min = 9223372036.855 s, total = 0.000 s
[state-dump] 	NodeInfoGcsService.grpc_client.GetInternalConfig - 1 total (0 active), Execution time: mean = 356.750 us, total = 356.750 us, Queueing time: mean = 0.000 s, max = -0.000 s, min = 9223372036.855 s, total = 0.000 s
[state-dump] DebugString() time ms: 0
[state-dump] 
[state-dump] 
[2024-05-15 09:19:30,777 I 24097 24097] (raylet) accessor.cc:627: Received notification for node id = 322143802a8bacf17c2cb297db90b6d597468f55c850b24b440b447b, IsAlive = 1
[2024-05-15 09:19:30,881 I 24097 24097] (raylet) worker_pool.cc:494: Started worker process with pid 24179, the token is 0
[2024-05-15 09:19:30,882 I 24097 24097] (raylet) worker_pool.cc:494: Started worker process with pid 24180, the token is 1
[2024-05-15 09:19:30,883 I 24097 24097] (raylet) worker_pool.cc:494: Started worker process with pid 24181, the token is 2
[2024-05-15 09:19:30,885 I 24097 24097] (raylet) worker_pool.cc:494: Started worker process with pid 24182, the token is 3
[2024-05-15 09:19:30,887 I 24097 24097] (raylet) worker_pool.cc:494: Started worker process with pid 24183, the token is 4
[2024-05-15 09:19:30,888 I 24097 24097] (raylet) worker_pool.cc:494: Started worker process with pid 24184, the token is 5
[2024-05-15 09:19:30,890 I 24097 24097] (raylet) worker_pool.cc:494: Started worker process with pid 24185, the token is 6
[2024-05-15 09:19:30,892 I 24097 24097] (raylet) worker_pool.cc:494: Started worker process with pid 24186, the token is 7
[2024-05-15 09:19:30,894 I 24097 24097] (raylet) worker_pool.cc:494: Started worker process with pid 24187, the token is 8
[2024-05-15 09:19:30,896 I 24097 24097] (raylet) worker_pool.cc:494: Started worker process with pid 24188, the token is 9
[2024-05-15 09:19:30,897 I 24097 24097] (raylet) worker_pool.cc:494: Started worker process with pid 24189, the token is 10
[2024-05-15 09:19:30,899 I 24097 24097] (raylet) worker_pool.cc:494: Started worker process with pid 24190, the token is 11
[2024-05-15 09:19:31,232 I 24097 24125] (raylet) object_store.cc:35: Object store current usage 8e-09 / 18.3211 GB.
[2024-05-15 09:19:31,367 I 24097 24097] (raylet) node_manager.cc:606: New job has started. Job id 01000000 Driver pid 23913 is dead: 0 driver address: 192.168.1.56
[2024-05-15 09:19:31,367 I 24097 24097] (raylet) worker_pool.cc:677: Job 01000000 already started in worker pool.
[2024-05-15 09:19:31,584 I 24097 24097] (raylet) runtime_env_agent_client.cc:369: Create runtime env for job 01000000
[2024-05-15 09:19:31,586 I 24097 24097] (raylet) worker_pool.cc:494: Started worker process with pid 24919, the token is 12
[2024-05-15 09:19:32,384 I 24097 24097] (raylet) node_manager.cc:1436: NodeManager::DisconnectClient, disconnect_type=1, has creation task exception = false
[2024-05-15 09:19:32,384 I 24097 24097] (raylet) node_manager.cc:1436: NodeManager::DisconnectClient, disconnect_type=1, has creation task exception = false
[2024-05-15 09:19:32,384 I 24097 24097] (raylet) node_manager.cc:1436: NodeManager::DisconnectClient, disconnect_type=1, has creation task exception = false
[2024-05-15 09:19:32,384 I 24097 24097] (raylet) node_manager.cc:1436: NodeManager::DisconnectClient, disconnect_type=1, has creation task exception = false
[2024-05-15 09:19:32,583 I 24097 24097] (raylet) node_manager.cc:1436: NodeManager::DisconnectClient, disconnect_type=1, has creation task exception = false
[2024-05-15 09:19:33,540 I 24097 24097] (raylet) runtime_env_agent_client.cc:369: Create runtime env for job 01000000
[2024-05-15 09:19:33,543 I 24097 24097] (raylet) worker_pool.cc:494: Started worker process with pid 25005, the token is 13
[2024-05-15 09:19:33,543 I 24097 24097] (raylet) runtime_env_agent_client.cc:369: Create runtime env for job 01000000
[2024-05-15 09:19:33,545 I 24097 24097] (raylet) worker_pool.cc:494: Started worker process with pid 25006, the token is 14
[2024-05-15 09:19:33,546 I 24097 24097] (raylet) runtime_env_agent_client.cc:369: Create runtime env for job 01000000
[2024-05-15 09:19:33,548 I 24097 24097] (raylet) worker_pool.cc:494: Started worker process with pid 25007, the token is 15
[2024-05-15 09:19:33,548 I 24097 24097] (raylet) runtime_env_agent_client.cc:369: Create runtime env for job 01000000
[2024-05-15 09:19:33,549 I 24097 24097] (raylet) worker_pool.cc:494: Started worker process with pid 25008, the token is 16
[2024-05-15 09:19:35,778 W 24097 24097] (raylet) memory_monitor.cc:197: Got negative used memory for cgroup -1, setting it to zero
[2024-05-15 09:19:40,778 W 24097 24119] (raylet) metric_exporter.cc:105: [1] Export metrics to agent failed: GrpcUnavailable: RPC Error message: failed to connect to all addresses; last error: UNKNOWN: ipv4:127.0.0.1:60081: Failed to connect to remote host: Connection refused; RPC Error details: . This won't affect Ray, but you can lose metrics from the cluster.
[2024-05-15 09:19:40,780 W 24097 24097] (raylet) memory_monitor.cc:197: Got negative used memory for cgroup -1, setting it to zero
[2024-05-15 09:19:45,782 W 24097 24097] (raylet) memory_monitor.cc:197: Got negative used memory for cgroup -1, setting it to zero
[2024-05-15 09:19:50,785 W 24097 24097] (raylet) memory_monitor.cc:197: Got negative used memory for cgroup -1, setting it to zero
[2024-05-15 09:19:55,787 W 24097 24097] (raylet) memory_monitor.cc:197: Got negative used memory for cgroup -1, setting it to zero
