[2024-05-15 08:22:49,490 I 258144 258144] (raylet) main.cc:179: Setting cluster ID to: 08d8dd0a3ae9d38657267cfdd0aaa4f146ec1f5e86c8c03b04920aec
[2024-05-15 08:22:49,492 I 258144 258144] (raylet) main.cc:242: Raylet is not set to kill unknown children.
[2024-05-15 08:22:49,492 I 258144 258144] (raylet) io_service_pool.cc:35: IOServicePool is running with 1 io_service.
[2024-05-15 08:22:49,492 I 258144 258144] (raylet) main.cc:371: Setting node ID to: a84309f38ccf6a95bc1fc0113c11ec4b884bd4e6b34f85fbcbfdc450
[2024-05-15 08:22:49,492 I 258144 258144] (raylet) store_runner.cc:32: Allowing the Plasma store to use up to 17.6951GB of memory.
[2024-05-15 08:22:49,492 I 258144 258144] (raylet) store_runner.cc:48: Starting object store with directory /dev/shm, fallback /home/valapeos/Projects/pneumarl/logs/rllib, and huge page support disabled
[2024-05-15 08:22:49,492 I 258144 258172] (raylet) dlmalloc.cc:154: create_and_mmap_buffer(17695244296, /dev/shm/plasmaXXXXXX)
[2024-05-15 08:22:49,492 I 258144 258172] (raylet) store.cc:564: ========== Plasma store: =================
Current usage: 0 / 17.6951 GB
- num bytes created total: 0
0 pending objects of total size 0MB
- objects spillable: 0
- bytes spillable: 0
- objects unsealed: 0
- bytes unsealed: 0
- objects in use: 0
- bytes in use: 0
- objects evictable: 0
- bytes evictable: 0

- objects created by worker: 0
- bytes created by worker: 0
- objects restored: 0
- bytes restored: 0
- objects received: 0
- bytes received: 0
- objects errored: 0
- bytes errored: 0

[2024-05-15 08:22:49,494 I 258144 258144] (raylet) grpc_server.cc:134: ObjectManager server started, listening on port 35889.
[2024-05-15 08:22:49,495 I 258144 258144] (raylet) worker_killing_policy.cc:101: Running GroupByOwner policy.
[2024-05-15 08:22:49,495 W 258144 258144] (raylet) memory_monitor.cc:197: Got negative used memory for cgroup -1, setting it to zero
[2024-05-15 08:22:49,495 I 258144 258144] (raylet) memory_monitor.cc:47: MemoryMonitor initialized with usage threshold at 63982133248 bytes (0.95 system memory), total system memory bytes: 67349614592
[2024-05-15 08:22:49,495 I 258144 258144] (raylet) node_manager.cc:285: Initializing NodeManager with ID a84309f38ccf6a95bc1fc0113c11ec4b884bd4e6b34f85fbcbfdc450
[2024-05-15 08:22:49,495 I 258144 258144] (raylet) grpc_server.cc:134: NodeManager server started, listening on port 46465.
[2024-05-15 08:22:49,501 I 258144 258204] (raylet) agent_manager.cc:78: Monitor agent process with name dashboard_agent/424238335
[2024-05-15 08:22:49,502 I 258144 258206] (raylet) agent_manager.cc:78: Monitor agent process with name runtime_env_agent
[2024-05-15 08:22:49,502 I 258144 258144] (raylet) event.cc:234: Set ray event level to warning
[2024-05-15 08:22:49,502 I 258144 258144] (raylet) event.cc:342: Ray Event initialized for RAYLET
[2024-05-15 08:22:49,503 I 258144 258144] (raylet) raylet.cc:128: Raylet of id, a84309f38ccf6a95bc1fc0113c11ec4b884bd4e6b34f85fbcbfdc450 started. Raylet consists of node_manager and object_manager. node_manager address: 192.168.1.56:46465 object_manager address: 192.168.1.56:35889 hostname: valanixos
[2024-05-15 08:22:49,504 I 258144 258144] (raylet) node_manager.cc:521: [state-dump] NodeManager:
[state-dump] Node ID: a84309f38ccf6a95bc1fc0113c11ec4b884bd4e6b34f85fbcbfdc450
[state-dump] Node name: 192.168.1.56
[state-dump] InitialConfigResources: {CPU: 120000, memory: 353902559240000, node:__internal_head__: 10000, node:192.168.1.56: 10000, object_store_memory: 176951279610000}
[state-dump] ClusterTaskManager:
[state-dump] ========== Node: a84309f38ccf6a95bc1fc0113c11ec4b884bd4e6b34f85fbcbfdc450 =================
[state-dump] Infeasible queue length: 0
[state-dump] Schedule queue length: 0
[state-dump] Dispatch queue length: 0
[state-dump] num_waiting_for_resource: 0
[state-dump] num_waiting_for_plasma_memory: 0
[state-dump] num_waiting_for_remote_node_resources: 0
[state-dump] num_worker_not_started_by_job_config_not_exist: 0
[state-dump] num_worker_not_started_by_registration_timeout: 0
[state-dump] num_tasks_waiting_for_workers: 0
[state-dump] num_cancelled_tasks: 0
[state-dump] cluster_resource_scheduler state: 
[state-dump] Local id: -1885364415256342489 Local resources: {"total":{node:__internal_head__: [10000], CPU: [120000], memory: [353902559240000], object_store_memory: [176951279610000], node:192.168.1.56: [10000]}}, "available": {node:__internal_head__: [10000], CPU: [120000], memory: [353902559240000], object_store_memory: [176951279610000], node:192.168.1.56: [10000]}}, "labels":{"ray.io/node_id":"a84309f38ccf6a95bc1fc0113c11ec4b884bd4e6b34f85fbcbfdc450",} is_draining: 0 is_idle: 1 Cluster resources: node id: -1885364415256342489{"total":{node:192.168.1.56: 10000, node:__internal_head__: 10000, memory: 353902559240000, object_store_memory: 176951279610000, CPU: 120000}}, "available": {node:192.168.1.56: 10000, node:__internal_head__: 10000, memory: 353902559240000, object_store_memory: 176951279610000, CPU: 120000}}, "labels":{"ray.io/node_id":"a84309f38ccf6a95bc1fc0113c11ec4b884bd4e6b34f85fbcbfdc450",}, "is_draining": 0, "draining_deadline_timestamp_ms": -1} { "placment group locations": [], "node to bundles": []}
[state-dump] Waiting tasks size: 0
[state-dump] Number of executing tasks: 0
[state-dump] Number of pinned task arguments: 0
[state-dump] Number of total spilled tasks: 0
[state-dump] Number of spilled waiting tasks: 0
[state-dump] Number of spilled unschedulable tasks: 0
[state-dump] Resource usage {
[state-dump] }
[state-dump] Running tasks by scheduling class:
[state-dump] ==================================================
[state-dump] 
[state-dump] ClusterResources:
[state-dump] LocalObjectManager:
[state-dump] - num pinned objects: 0
[state-dump] - pinned objects size: 0
[state-dump] - num objects pending restore: 0
[state-dump] - num objects pending spill: 0
[state-dump] - num bytes pending spill: 0
[state-dump] - num bytes currently spilled: 0
[state-dump] - cumulative spill requests: 0
[state-dump] - cumulative restore requests: 0
[state-dump] - spilled objects pending delete: 0
[state-dump] 
[state-dump] ObjectManager:
[state-dump] - num local objects: 0
[state-dump] - num unfulfilled push requests: 0
[state-dump] - num object pull requests: 0
[state-dump] - num chunks received total: 0
[state-dump] - num chunks received failed (all): 0
[state-dump] - num chunks received failed / cancelled: 0
[state-dump] - num chunks received failed / plasma error: 0
[state-dump] Event stats:
[state-dump] Global stats: 0 total (0 active)
[state-dump] Queueing time: mean = -nan s, max = -0.000 s, min = 9223372036.855 s, total = 0.000 s
[state-dump] Execution time:  mean = -nan s, total = 0.000 s
[state-dump] Event stats:
[state-dump] PushManager:
[state-dump] - num pushes in flight: 0
[state-dump] - num chunks in flight: 0
[state-dump] - num chunks remaining: 0
[state-dump] - max chunks allowed: 409
[state-dump] OwnershipBasedObjectDirectory:
[state-dump] - num listeners: 0
[state-dump] - cumulative location updates: 0
[state-dump] - num location updates per second: 0.000
[state-dump] - num location lookups per second: 0.000
[state-dump] - num locations added per second: 0.000
[state-dump] - num locations removed per second: 0.000
[state-dump] BufferPool:
[state-dump] - create buffer state map size: 0
[state-dump] PullManager:
[state-dump] - num bytes available for pulled objects: 17695127961
[state-dump] - num bytes being pulled (all): 0
[state-dump] - num bytes being pulled / pinned: 0
[state-dump] - get request bundles: BundlePullRequestQueue{0 total, 0 active, 0 inactive, 0 unpullable}
[state-dump] - wait request bundles: BundlePullRequestQueue{0 total, 0 active, 0 inactive, 0 unpullable}
[state-dump] - task request bundles: BundlePullRequestQueue{0 total, 0 active, 0 inactive, 0 unpullable}
[state-dump] - first get request bundle: N/A
[state-dump] - first wait request bundle: N/A
[state-dump] - first task request bundle: N/A
[state-dump] - num objects queued: 0
[state-dump] - num objects actively pulled (all): 0
[state-dump] - num objects actively pulled / pinned: 0
[state-dump] - num bundles being pulled: 0
[state-dump] - num pull retries: 0
[state-dump] - max timeout seconds: 0
[state-dump] - max timeout request is already processed. No entry.
[state-dump] 
[state-dump] WorkerPool:
[state-dump] - registered jobs: 0
[state-dump] - process_failed_job_config_missing: 0
[state-dump] - process_failed_rate_limited: 0
[state-dump] - process_failed_pending_registration: 0
[state-dump] - process_failed_runtime_env_setup_failed: 0
[state-dump] - num PYTHON workers: 0
[state-dump] - num PYTHON drivers: 0
[state-dump] - num object spill callbacks queued: 0
[state-dump] - num object restore queued: 0
[state-dump] - num util functions queued: 0
[state-dump] - num idle workers: 0
[state-dump] TaskDependencyManager:
[state-dump] - task deps map size: 0
[state-dump] - get req map size: 0
[state-dump] - wait req map size: 0
[state-dump] - local objects map size: 0
[state-dump] WaitManager:
[state-dump] - num active wait requests: 0
[state-dump] Subscriber:
[state-dump] Channel WORKER_OBJECT_LOCATIONS_CHANNEL
[state-dump] - cumulative subscribe requests: 0
[state-dump] - cumulative unsubscribe requests: 0
[state-dump] - active subscribed publishers: 0
[state-dump] - cumulative published messages: 0
[state-dump] - cumulative processed messages: 0
[state-dump] Channel WORKER_OBJECT_EVICTION
[state-dump] - cumulative subscribe requests: 0
[state-dump] - cumulative unsubscribe requests: 0
[state-dump] - active subscribed publishers: 0
[state-dump] - cumulative published messages: 0
[state-dump] - cumulative processed messages: 0
[state-dump] Channel WORKER_REF_REMOVED_CHANNEL
[state-dump] - cumulative subscribe requests: 0
[state-dump] - cumulative unsubscribe requests: 0
[state-dump] - active subscribed publishers: 0
[state-dump] - cumulative published messages: 0
[state-dump] - cumulative processed messages: 0
[state-dump] num async plasma notifications: 0
[state-dump] Remote node managers: 
[state-dump] Event stats:
[state-dump] Global stats: 27 total (13 active)
[state-dump] Queueing time: mean = 976.153 us, max = 7.494 ms, min = 8.099 us, total = 26.356 ms
[state-dump] Execution time:  mean = 506.838 us, total = 13.685 ms
[state-dump] Event stats:
[state-dump] 	PeriodicalRunner.RunFnPeriodically - 11 total (2 active, 1 running), Execution time: mean = 90.688 us, total = 997.568 us, Queueing time: mean = 2.394 ms, max = 7.494 ms, min = 18.500 us, total = 26.339 ms
[state-dump] 	NodeManager.deadline_timer.flush_free_objects - 1 total (1 active), Execution time: mean = 0.000 s, total = 0.000 s, Queueing time: mean = 0.000 s, max = -0.000 s, min = 9223372036.855 s, total = 0.000 s
[state-dump] 	NodeInfoGcsService.grpc_client.RegisterNode - 1 total (0 active), Execution time: mean = 730.548 us, total = 730.548 us, Queueing time: mean = 0.000 s, max = -0.000 s, min = 9223372036.855 s, total = 0.000 s
[state-dump] 	NodeManager.deadline_timer.debug_state_dump - 1 total (1 active), Execution time: mean = 0.000 s, total = 0.000 s, Queueing time: mean = 0.000 s, max = -0.000 s, min = 9223372036.855 s, total = 0.000 s
[state-dump] 	ClusterResourceManager.ResetRemoteNodeView - 1 total (1 active), Execution time: mean = 0.000 s, total = 0.000 s, Queueing time: mean = 0.000 s, max = -0.000 s, min = 9223372036.855 s, total = 0.000 s
[state-dump] 	InternalPubSubGcsService.grpc_client.GcsSubscriberCommandBatch - 1 total (0 active), Execution time: mean = 288.960 us, total = 288.960 us, Queueing time: mean = 0.000 s, max = -0.000 s, min = 9223372036.855 s, total = 0.000 s
[state-dump] 	NodeManager.ScheduleAndDispatchTasks - 1 total (1 active), Execution time: mean = 0.000 s, total = 0.000 s, Queueing time: mean = 0.000 s, max = -0.000 s, min = 9223372036.855 s, total = 0.000 s
[state-dump] 	RayletWorkerPool.deadline_timer.kill_idle_workers - 1 total (1 active), Execution time: mean = 0.000 s, total = 0.000 s, Queueing time: mean = 0.000 s, max = -0.000 s, min = 9223372036.855 s, total = 0.000 s
[state-dump] 	NodeInfoGcsService.grpc_client.GetInternalConfig.OnReplyReceived - 1 total (0 active), Execution time: mean = 11.090 ms, total = 11.090 ms, Queueing time: mean = 8.630 us, max = 8.630 us, min = 8.630 us, total = 8.630 us
[state-dump] 	NodeManager.GCTaskFailureReason - 1 total (1 active), Execution time: mean = 0.000 s, total = 0.000 s, Queueing time: mean = 0.000 s, max = -0.000 s, min = 9223372036.855 s, total = 0.000 s
[state-dump] 	MemoryMonitor.CheckIsMemoryUsageAboveThreshold - 1 total (1 active), Execution time: mean = 0.000 s, total = 0.000 s, Queueing time: mean = 0.000 s, max = -0.000 s, min = 9223372036.855 s, total = 0.000 s
[state-dump] 	NodeInfoGcsService.grpc_client.GetInternalConfig - 1 total (0 active), Execution time: mean = 429.879 us, total = 429.879 us, Queueing time: mean = 0.000 s, max = -0.000 s, min = 9223372036.855 s, total = 0.000 s
[state-dump] 	InternalPubSubGcsService.grpc_client.GcsSubscriberCommandBatch.OnReplyReceived - 1 total (1 active), Execution time: mean = 0.000 s, total = 0.000 s, Queueing time: mean = 0.000 s, max = -0.000 s, min = 9223372036.855 s, total = 0.000 s
[state-dump] 	NodeInfoGcsService.grpc_client.RegisterNode.OnReplyReceived - 1 total (0 active), Execution time: mean = 147.790 us, total = 147.790 us, Queueing time: mean = 8.099 us, max = 8.099 us, min = 8.099 us, total = 8.099 us
[state-dump] 	NodeManager.deadline_timer.record_metrics - 1 total (1 active), Execution time: mean = 0.000 s, total = 0.000 s, Queueing time: mean = 0.000 s, max = -0.000 s, min = 9223372036.855 s, total = 0.000 s
[state-dump] 	InternalPubSubGcsService.grpc_client.GcsSubscriberPoll - 1 total (1 active), Execution time: mean = 0.000 s, total = 0.000 s, Queueing time: mean = 0.000 s, max = -0.000 s, min = 9223372036.855 s, total = 0.000 s
[state-dump] 	NodeManager.deadline_timer.spill_objects_when_over_threshold - 1 total (1 active), Execution time: mean = 0.000 s, total = 0.000 s, Queueing time: mean = 0.000 s, max = -0.000 s, min = 9223372036.855 s, total = 0.000 s
[state-dump] DebugString() time ms: 0
[state-dump] 
[state-dump] 
[2024-05-15 08:22:49,505 I 258144 258144] (raylet) accessor.cc:627: Received notification for node id = a84309f38ccf6a95bc1fc0113c11ec4b884bd4e6b34f85fbcbfdc450, IsAlive = 1
[2024-05-15 08:22:49,514 I 258144 258144] (raylet) worker_pool.cc:494: Started worker process with pid 258226, the token is 0
[2024-05-15 08:22:49,516 I 258144 258144] (raylet) worker_pool.cc:494: Started worker process with pid 258227, the token is 1
[2024-05-15 08:22:49,517 I 258144 258144] (raylet) worker_pool.cc:494: Started worker process with pid 258228, the token is 2
[2024-05-15 08:22:49,519 I 258144 258144] (raylet) worker_pool.cc:494: Started worker process with pid 258229, the token is 3
[2024-05-15 08:22:49,521 I 258144 258144] (raylet) worker_pool.cc:494: Started worker process with pid 258230, the token is 4
[2024-05-15 08:22:49,523 I 258144 258144] (raylet) worker_pool.cc:494: Started worker process with pid 258231, the token is 5
[2024-05-15 08:22:49,525 I 258144 258144] (raylet) worker_pool.cc:494: Started worker process with pid 258232, the token is 6
[2024-05-15 08:22:49,526 I 258144 258144] (raylet) worker_pool.cc:494: Started worker process with pid 258233, the token is 7
[2024-05-15 08:22:49,528 I 258144 258144] (raylet) worker_pool.cc:494: Started worker process with pid 258234, the token is 8
[2024-05-15 08:22:49,530 I 258144 258144] (raylet) worker_pool.cc:494: Started worker process with pid 258235, the token is 9
[2024-05-15 08:22:49,532 I 258144 258144] (raylet) worker_pool.cc:494: Started worker process with pid 258236, the token is 10
[2024-05-15 08:22:49,535 I 258144 258144] (raylet) worker_pool.cc:494: Started worker process with pid 258237, the token is 11
[2024-05-15 08:22:49,883 I 258144 258172] (raylet) object_store.cc:35: Object store current usage 8e-09 / 17.6951 GB.
[2024-05-15 08:22:50,065 I 258144 258144] (raylet) node_manager.cc:606: New job has started. Job id 01000000 Driver pid 257884 is dead: 0 driver address: 192.168.1.56
[2024-05-15 08:22:50,065 I 258144 258144] (raylet) worker_pool.cc:677: Job 01000000 already started in worker pool.
[2024-05-15 08:22:50,284 I 258144 258144] (raylet) runtime_env_agent_client.cc:369: Create runtime env for job 01000000
[2024-05-15 08:22:50,285 I 258144 258144] (raylet) worker_pool.cc:494: Started worker process with pid 258963, the token is 12
[2024-05-15 08:22:51,110 I 258144 258144] (raylet) node_manager.cc:1436: NodeManager::DisconnectClient, disconnect_type=1, has creation task exception = false
[2024-05-15 08:22:51,111 I 258144 258144] (raylet) node_manager.cc:1436: NodeManager::DisconnectClient, disconnect_type=1, has creation task exception = false
[2024-05-15 08:22:51,111 I 258144 258144] (raylet) node_manager.cc:1436: NodeManager::DisconnectClient, disconnect_type=1, has creation task exception = false
[2024-05-15 08:22:51,111 I 258144 258144] (raylet) node_manager.cc:1436: NodeManager::DisconnectClient, disconnect_type=1, has creation task exception = false
[2024-05-15 08:22:51,311 I 258144 258144] (raylet) node_manager.cc:1436: NodeManager::DisconnectClient, disconnect_type=1, has creation task exception = false
[2024-05-15 08:22:52,264 I 258144 258144] (raylet) runtime_env_agent_client.cc:369: Create runtime env for job 01000000
[2024-05-15 08:22:52,267 I 258144 258144] (raylet) worker_pool.cc:494: Started worker process with pid 259036, the token is 13
[2024-05-15 08:22:52,267 I 258144 258144] (raylet) runtime_env_agent_client.cc:369: Create runtime env for job 01000000
[2024-05-15 08:22:52,269 I 258144 258144] (raylet) worker_pool.cc:494: Started worker process with pid 259037, the token is 14
[2024-05-15 08:22:52,270 I 258144 258144] (raylet) runtime_env_agent_client.cc:369: Create runtime env for job 01000000
[2024-05-15 08:22:52,271 I 258144 258144] (raylet) worker_pool.cc:494: Started worker process with pid 259038, the token is 15
[2024-05-15 08:22:52,271 I 258144 258144] (raylet) runtime_env_agent_client.cc:369: Create runtime env for job 01000000
[2024-05-15 08:22:52,273 I 258144 258144] (raylet) worker_pool.cc:494: Started worker process with pid 259039, the token is 16
[2024-05-15 08:22:54,505 W 258144 258144] (raylet) memory_monitor.cc:197: Got negative used memory for cgroup -1, setting it to zero
[2024-05-15 08:22:59,502 W 258144 258166] (raylet) metric_exporter.cc:105: [1] Export metrics to agent failed: GrpcUnavailable: RPC Error message: failed to connect to all addresses; last error: UNKNOWN: ipv4:127.0.0.1:59951: Failed to connect to remote host: Connection refused; RPC Error details: . This won't affect Ray, but you can lose metrics from the cluster.
[2024-05-15 08:22:59,507 W 258144 258144] (raylet) memory_monitor.cc:197: Got negative used memory for cgroup -1, setting it to zero
[2024-05-15 08:23:04,508 W 258144 258144] (raylet) memory_monitor.cc:197: Got negative used memory for cgroup -1, setting it to zero
[2024-05-15 08:23:09,510 W 258144 258144] (raylet) memory_monitor.cc:197: Got negative used memory for cgroup -1, setting it to zero
[2024-05-15 08:23:14,512 W 258144 258144] (raylet) memory_monitor.cc:197: Got negative used memory for cgroup -1, setting it to zero
[2024-05-15 08:23:19,513 W 258144 258144] (raylet) memory_monitor.cc:197: Got negative used memory for cgroup -1, setting it to zero
[2024-05-15 08:23:24,515 W 258144 258144] (raylet) memory_monitor.cc:197: Got negative used memory for cgroup -1, setting it to zero
[2024-05-15 08:23:28,795 I 258144 258144] (raylet) node_manager.cc:1436: NodeManager::DisconnectClient, disconnect_type=3, has creation task exception = false
[2024-05-15 08:23:28,795 I 258144 258144] (raylet) node_manager.cc:1541: Driver (pid=257884) is disconnected. job_id: 01000000
[2024-05-15 08:23:28,795 I 258144 258144] (raylet) node_manager.cc:1066: The leased worker 0ba2c6d5a2f06001fc22f656e19669240434e6c9312566757dc53c01 is killed because the owner process 01000000ffffffffffffffffffffffffffffffffffffffffffffffff died.
[2024-05-15 08:23:28,796 I 258144 258144] (raylet) node_manager.cc:1436: NodeManager::DisconnectClient, disconnect_type=1, has creation task exception = false
[2024-05-15 08:23:28,796 I 258144 258144] (raylet) node_manager.cc:1436: NodeManager::DisconnectClient, disconnect_type=1, has creation task exception = false
[2024-05-15 08:23:28,796 I 258144 258144] (raylet) node_manager.cc:1436: NodeManager::DisconnectClient, disconnect_type=1, has creation task exception = false
[2024-05-15 08:23:28,796 I 258144 258144] (raylet) node_manager.cc:1436: NodeManager::DisconnectClient, disconnect_type=1, has creation task exception = false
[2024-05-15 08:23:28,796 I 258144 258144] (raylet) node_manager.cc:1436: NodeManager::DisconnectClient, disconnect_type=1, has creation task exception = false
[2024-05-15 08:23:28,796 I 258144 258144] (raylet) node_manager.cc:1436: NodeManager::DisconnectClient, disconnect_type=0, has creation task exception = false
[2024-05-15 08:23:28,796 I 258144 258144] (raylet) node_manager.cc:1450: Ignoring client disconnect because the client has already been disconnected.
[2024-05-15 08:23:28,796 I 258144 258144] (raylet) node_manager.cc:1436: NodeManager::DisconnectClient, disconnect_type=0, has creation task exception = false
[2024-05-15 08:23:28,796 I 258144 258144] (raylet) node_manager.cc:1450: Ignoring client disconnect because the client has already been disconnected.
[2024-05-15 08:23:28,797 I 258144 258144] (raylet) node_manager.cc:1436: NodeManager::DisconnectClient, disconnect_type=0, has creation task exception = false
[2024-05-15 08:23:28,797 I 258144 258144] (raylet) node_manager.cc:1450: Ignoring client disconnect because the client has already been disconnected.
[2024-05-15 08:23:28,797 I 258144 258144] (raylet) node_manager.cc:1436: NodeManager::DisconnectClient, disconnect_type=0, has creation task exception = false
[2024-05-15 08:23:28,797 I 258144 258144] (raylet) node_manager.cc:1450: Ignoring client disconnect because the client has already been disconnected.
[2024-05-15 08:23:28,797 I 258144 258144] (raylet) node_manager.cc:1436: NodeManager::DisconnectClient, disconnect_type=0, has creation task exception = false
[2024-05-15 08:23:28,797 I 258144 258144] (raylet) node_manager.cc:1450: Ignoring client disconnect because the client has already been disconnected.
[2024-05-15 08:23:28,797 I 258144 258144] (raylet) node_manager.cc:606: New job has started. Job id 01000000 Driver pid 257884 is dead: 1 driver address: 192.168.1.56
[2024-05-15 08:23:28,797 I 258144 258144] (raylet) worker_pool.cc:677: Job 01000000 already started in worker pool.
[2024-05-15 08:23:28,838 I 258144 258144] (raylet) main.cc:413: Raylet received SIGTERM, shutting down...
[2024-05-15 08:23:28,838 I 258144 258144] (raylet) accessor.cc:451: Unregistering node info, node id = a84309f38ccf6a95bc1fc0113c11ec4b884bd4e6b34f85fbcbfdc450
[2024-05-15 08:23:28,839 I 258144 258144] (raylet) agent_manager.cc:109: Killing agent dashboard_agent/424238335, pid 258203.
[2024-05-15 08:23:28,848 I 258144 258204] (raylet) agent_manager.cc:80: Agent process with name dashboard_agent/424238335 exited, exit code 0.
[2024-05-15 08:23:28,848 I 258144 258144] (raylet) agent_manager.cc:109: Killing agent runtime_env_agent, pid 258205.
[2024-05-15 08:23:28,853 I 258144 258206] (raylet) agent_manager.cc:80: Agent process with name runtime_env_agent exited, exit code 0.
[2024-05-15 08:23:28,853 I 258144 258144] (raylet) io_service_pool.cc:47: IOServicePool is stopped.
[2024-05-15 08:23:28,919 I 258144 258144] (raylet) stats.h:120: Stats module has shutdown.
[2024-05-15 08:23:28,919 I 258144 258208] (raylet) experimental_mutable_object_provider.cc:200: Core worker channel io service stopped.
