:job_id:01000000
:actor_name:RolloutWorker
[2024-05-15 08:23:28,835 C 259036 259036] direct_actor_transport.cc:187:  Check failed: _s.ok() Bad status: IOError: Broken pipe
*** StackTrace Information ***
/home/valapeos/.cache/pypoetry/virtualenvs/pneumarl-4s6AwDM4-py3.11/lib/python3.11/site-packages/ray/_raylet.so(+0x100dbba) [0x7f4617c0dbba] ray::operator<<()
/home/valapeos/.cache/pypoetry/virtualenvs/pneumarl-4s6AwDM4-py3.11/lib/python3.11/site-packages/ray/_raylet.so(+0x100f477) [0x7f4617c0f477] ray::SpdLogMessage::Flush()
/home/valapeos/.cache/pypoetry/virtualenvs/pneumarl-4s6AwDM4-py3.11/lib/python3.11/site-packages/ray/_raylet.so(_ZN3ray6RayLogD1Ev+0x37) [0x7f4617c0f917] ray::RayLog::~RayLog()
/home/valapeos/.cache/pypoetry/virtualenvs/pneumarl-4s6AwDM4-py3.11/lib/python3.11/site-packages/ray/_raylet.so(+0x7d2bbd) [0x7f46173d2bbd] ray::core::CoreWorkerDirectTaskReceiver::HandleTask()::{lambda()#1}::operator()()
/home/valapeos/.cache/pypoetry/virtualenvs/pneumarl-4s6AwDM4-py3.11/lib/python3.11/site-packages/ray/_raylet.so(+0x7d319a) [0x7f46173d319a] std::_Function_handler<>::_M_invoke()
/home/valapeos/.cache/pypoetry/virtualenvs/pneumarl-4s6AwDM4-py3.11/lib/python3.11/site-packages/ray/_raylet.so(+0x7ea0de) [0x7f46173ea0de] ray::core::InboundRequest::Accept()
/home/valapeos/.cache/pypoetry/virtualenvs/pneumarl-4s6AwDM4-py3.11/lib/python3.11/site-packages/ray/_raylet.so(+0x7bc440) [0x7f46173bc440] ray::core::NormalSchedulingQueue::ScheduleRequests()
/home/valapeos/.cache/pypoetry/virtualenvs/pneumarl-4s6AwDM4-py3.11/lib/python3.11/site-packages/ray/_raylet.so(+0xa4e71e) [0x7f461764e71e] EventTracker::RecordExecution()
/home/valapeos/.cache/pypoetry/virtualenvs/pneumarl-4s6AwDM4-py3.11/lib/python3.11/site-packages/ray/_raylet.so(+0xa47b0e) [0x7f4617647b0e] std::_Function_handler<>::_M_invoke()
/home/valapeos/.cache/pypoetry/virtualenvs/pneumarl-4s6AwDM4-py3.11/lib/python3.11/site-packages/ray/_raylet.so(+0xa47f86) [0x7f4617647f86] boost::asio::detail::completion_handler<>::do_complete()
/home/valapeos/.cache/pypoetry/virtualenvs/pneumarl-4s6AwDM4-py3.11/lib/python3.11/site-packages/ray/_raylet.so(+0x10f78eb) [0x7f4617cf78eb] boost::asio::detail::scheduler::do_run_one()
/home/valapeos/.cache/pypoetry/virtualenvs/pneumarl-4s6AwDM4-py3.11/lib/python3.11/site-packages/ray/_raylet.so(+0x10f9269) [0x7f4617cf9269] boost::asio::detail::scheduler::run()
/home/valapeos/.cache/pypoetry/virtualenvs/pneumarl-4s6AwDM4-py3.11/lib/python3.11/site-packages/ray/_raylet.so(+0x10f9972) [0x7f4617cf9972] boost::asio::io_context::run()
/home/valapeos/.cache/pypoetry/virtualenvs/pneumarl-4s6AwDM4-py3.11/lib/python3.11/site-packages/ray/_raylet.so(_ZN3ray4core10CoreWorker20RunTaskExecutionLoopEv+0xcd) [0x7f46173713fd] ray::core::CoreWorker::RunTaskExecutionLoop()
/home/valapeos/.cache/pypoetry/virtualenvs/pneumarl-4s6AwDM4-py3.11/lib/python3.11/site-packages/ray/_raylet.so(_ZN3ray4core21CoreWorkerProcessImpl26RunWorkerTaskExecutionLoopEv+0x8c) [0x7f46173b5f1c] ray::core::CoreWorkerProcessImpl::RunWorkerTaskExecutionLoop()
/home/valapeos/.cache/pypoetry/virtualenvs/pneumarl-4s6AwDM4-py3.11/lib/python3.11/site-packages/ray/_raylet.so(_ZN3ray4core17CoreWorkerProcess20RunTaskExecutionLoopEv+0x1d) [0x7f46173b60cd] ray::core::CoreWorkerProcess::RunTaskExecutionLoop()
/home/valapeos/.cache/pypoetry/virtualenvs/pneumarl-4s6AwDM4-py3.11/lib/python3.11/site-packages/ray/_raylet.so(+0x5bd4b7) [0x7f46171bd4b7] __pyx_pw_3ray_7_raylet_10CoreWorker_7run_task_loop()
/nix/store/glfr70gi7hfaj50mwj2431p8bg60fhqw-python3-3.11.9/lib/libpython3.11.so.1.0(+0x2413c2) [0x7f46190413c2] method_vectorcall_NOARGS
/nix/store/glfr70gi7hfaj50mwj2431p8bg60fhqw-python3-3.11.9/lib/libpython3.11.so.1.0(PyObject_Vectorcall+0x33) [0x7f461905ad93] PyObject_Vectorcall
/nix/store/glfr70gi7hfaj50mwj2431p8bg60fhqw-python3-3.11.9/lib/libpython3.11.so.1.0(_PyEval_EvalFrameDefault+0x33cc) [0x7f4618ef7c5c] _PyEval_EvalFrameDefault
/nix/store/glfr70gi7hfaj50mwj2431p8bg60fhqw-python3-3.11.9/lib/libpython3.11.so.1.0(+0x32bc9c) [0x7f461912bc9c] _PyEval_Vector.constprop.0
/nix/store/glfr70gi7hfaj50mwj2431p8bg60fhqw-python3-3.11.9/lib/libpython3.11.so.1.0(PyEval_EvalCode+0x14a) [0x7f461912be3a] PyEval_EvalCode
/nix/store/glfr70gi7hfaj50mwj2431p8bg60fhqw-python3-3.11.9/lib/libpython3.11.so.1.0(+0x356a10) [0x7f4619156a10] run_mod
/nix/store/glfr70gi7hfaj50mwj2431p8bg60fhqw-python3-3.11.9/lib/libpython3.11.so.1.0(_PyRun_SimpleFileObject+0x222) [0x7f4619176752] _PyRun_SimpleFileObject
/nix/store/glfr70gi7hfaj50mwj2431p8bg60fhqw-python3-3.11.9/lib/libpython3.11.so.1.0(_PyRun_AnyFileObject+0xa1) [0x7f4619176ff1] _PyRun_AnyFileObject
/nix/store/glfr70gi7hfaj50mwj2431p8bg60fhqw-python3-3.11.9/lib/libpython3.11.so.1.0(Py_RunMain+0x94f) [0x7f461917990f] Py_RunMain
/nix/store/35pq4hr29c3sl79lgfwgsvd9nwzyp4am-glibc-2.39-5/lib/libc.so.6(+0x2a10e) [0x7f4618c3d10e] __libc_start_call_main
/nix/store/35pq4hr29c3sl79lgfwgsvd9nwzyp4am-glibc-2.39-5/lib/libc.so.6(__libc_start_main+0x89) [0x7f4618c3d1c9] __libc_start_main@GLIBC_2.2.5
ray::RolloutWorker(_start+0x25) [0x401075] _start

