[2024-05-15 08:21:38,980 I 256391 256391] (gcs_server) io_service_pool.cc:35: IOServicePool is running with 1 io_service.
[2024-05-15 08:21:38,981 I 256391 256391] (gcs_server) event.cc:234: Set ray event level to warning
[2024-05-15 08:21:38,981 I 256391 256391] (gcs_server) event.cc:342: Ray Event initialized for GCS
[2024-05-15 08:21:38,981 I 256391 256391] (gcs_server) gcs_server.cc:74: GCS storage type is StorageType::IN_MEMORY
[2024-05-15 08:21:38,982 I 256391 256391] (gcs_server) gcs_init_data.cc:42: Loading job table data.
[2024-05-15 08:21:38,982 I 256391 256391] (gcs_server) gcs_init_data.cc:54: Loading node table data.
[2024-05-15 08:21:38,982 I 256391 256391] (gcs_server) gcs_init_data.cc:80: Loading actor table data.
[2024-05-15 08:21:38,982 I 256391 256391] (gcs_server) gcs_init_data.cc:93: Loading actor task spec table data.
[2024-05-15 08:21:38,982 I 256391 256391] (gcs_server) gcs_init_data.cc:66: Loading placement group table data.
[2024-05-15 08:21:38,982 I 256391 256391] (gcs_server) gcs_init_data.cc:46: Finished loading job table data, size = 0
[2024-05-15 08:21:38,982 I 256391 256391] (gcs_server) gcs_init_data.cc:58: Finished loading node table data, size = 0
[2024-05-15 08:21:38,982 I 256391 256391] (gcs_server) gcs_init_data.cc:84: Finished loading actor table data, size = 0
[2024-05-15 08:21:38,982 I 256391 256391] (gcs_server) gcs_init_data.cc:97: Finished loading actor task spec table data, size = 0
[2024-05-15 08:21:38,982 I 256391 256391] (gcs_server) gcs_init_data.cc:71: Finished loading placement group table data, size = 0
[2024-05-15 08:21:38,982 I 256391 256391] (gcs_server) gcs_server.cc:162: No existing server cluster ID found. Generating new ID: 535ba0eef614eb34440db6e780ab29a9f7318b794e022f2f96a3d065
[2024-05-15 08:21:38,982 I 256391 256391] (gcs_server) gcs_server.cc:648: Autoscaler V2 enabled: 0
[2024-05-15 08:21:38,983 I 256391 256391] (gcs_server) grpc_server.cc:134: GcsServer server started, listening on port 56287.
[2024-05-15 08:21:39,008 I 256391 256391] (gcs_server) gcs_server.cc:250: GcsNodeManager: 
- RegisterNode request count: 0
- DrainNode request count: 0
- GetAllNodeInfo request count: 0
- GetInternalConfig request count: 0

GcsActorManager: 
- RegisterActor request count: 0
- CreateActor request count: 0
- GetActorInfo request count: 0
- GetNamedActorInfo request count: 0
- GetAllActorInfo request count: 0
- KillActor request count: 0
- ListNamedActors request count: 0
- Registered actors count: 0
- Destroyed actors count: 0
- Named actors count: 0
- Unresolved actors count: 0
- Pending actors count: 0
- Created actors count: 0
- owners_: 0
- actor_to_register_callbacks_: 0
- actor_to_create_callbacks_: 0
- sorted_destroyed_actor_list_: 0

GcsResourceManager: 
- GetAllAvailableResources request count0
- GetAllResourceUsage request count: 0

GcsPlacementGroupManager: 
- CreatePlacementGroup request count: 0
- RemovePlacementGroup request count: 0
- GetPlacementGroup request count: 0
- GetAllPlacementGroup request count: 0
- WaitPlacementGroupUntilReady request count: 0
- GetNamedPlacementGroup request count: 0
- Scheduling pending placement group count: 0
- Registered placement groups count: 0
- Named placement group count: 0
- Pending placement groups count: 0
- Infeasible placement groups count: 0

Publisher:

[runtime env manager] ID to URIs table:
[runtime env manager] URIs reference table:

GcsTaskManager: 
-Total num task events reported: 0
-Total num status task events dropped: 0
-Total num profile events dropped: 0
-Current num of task events stored: 0
-Total num of actor creation tasks: 0
-Total num of actor tasks: 0
-Total num of normal tasks: 0
-Total num of driver tasks: 0


[2024-05-15 08:21:39,008 I 256391 256391] (gcs_server) gcs_server.cc:844: Event stats:


Global stats: 21 total (10 active)
Queueing time: mean = 3.759 ms, max = 26.350 ms, min = 1.000 us, total = 78.947 ms
Execution time:  mean = 1.257 ms, total = 26.400 ms
Event stats:
	InternalKVGcsService.grpc_client.InternalKVPut - 6 total (6 active), Execution time: mean = 0.000 s, total = 0.000 s, Queueing time: mean = 0.000 s, max = -0.000 s, min = 9223372036.855 s, total = 0.000 s
	GcsInMemoryStore.GetAll - 5 total (0 active), Execution time: mean = 4.548 us, total = 22.740 us, Queueing time: mean = 18.250 us, max = 19.810 us, min = 17.030 us, total = 91.250 us
	PeriodicalRunner.RunFnPeriodically - 4 total (2 active, 1 running), Execution time: mean = 645.000 ns, total = 2.580 us, Queueing time: mean = 13.168 ms, max = 26.350 ms, min = 26.320 ms, total = 52.670 ms
	GcsInMemoryStore.Put - 3 total (0 active), Execution time: mean = 8.790 ms, total = 26.369 ms, Queueing time: mean = 8.728 ms, max = 26.181 ms, min = 1.000 us, total = 26.184 ms
	GcsInMemoryStore.Get - 1 total (0 active), Execution time: mean = 5.480 us, total = 5.480 us, Queueing time: mean = 1.290 us, max = 1.290 us, min = 1.290 us, total = 1.290 us
	ClusterResourceManager.ResetRemoteNodeView - 1 total (1 active), Execution time: mean = 0.000 s, total = 0.000 s, Queueing time: mean = 0.000 s, max = -0.000 s, min = 9223372036.855 s, total = 0.000 s
	RayletLoadPulled - 1 total (1 active), Execution time: mean = 0.000 s, total = 0.000 s, Queueing time: mean = 0.000 s, max = -0.000 s, min = 9223372036.855 s, total = 0.000 s


[2024-05-15 08:21:39,008 I 256391 256391] (gcs_server) gcs_server.cc:845: GcsTaskManager Event stats:


Global stats: 2 total (1 active)
Queueing time: mean = 31.364 us, max = 62.729 us, min = 62.729 us, total = 62.729 us
Execution time:  mean = 10.225 us, total = 20.450 us
Event stats:
	PeriodicalRunner.RunFnPeriodically - 1 total (0 active), Execution time: mean = 20.450 us, total = 20.450 us, Queueing time: mean = 62.729 us, max = 62.729 us, min = 62.729 us, total = 62.729 us
	GcsTaskManager.GcJobSummary - 1 total (1 active), Execution time: mean = 0.000 s, total = 0.000 s, Queueing time: mean = 0.000 s, max = -0.000 s, min = 9223372036.855 s, total = 0.000 s


[2024-05-15 08:21:40,379 I 256391 256391] (gcs_server) gcs_node_manager.cc:55: Registering node info, node id = 5796b7c556a32eb747fc415a8d49599b0b1bd85a4db6cf0ca573197a, address = 192.168.1.56, node name = 192.168.1.56
[2024-05-15 08:21:40,379 I 256391 256391] (gcs_server) gcs_node_manager.cc:61: Finished registering node info, node id = 5796b7c556a32eb747fc415a8d49599b0b1bd85a4db6cf0ca573197a, address = 192.168.1.56, node name = 192.168.1.56
[2024-05-15 08:21:40,379 I 256391 256391] (gcs_server) gcs_placement_group_manager.cc:797: A new node: 5796b7c556a32eb747fc415a8d49599b0b1bd85a4db6cf0ca573197a registered, will try to reschedule all the infeasible placement groups.
[2024-05-15 08:21:40,963 I 256391 256391] (gcs_server) gcs_job_manager.cc:42: Adding job, job id = 01000000, driver pid = 256306
[2024-05-15 08:21:40,963 I 256391 256391] (gcs_server) gcs_job_manager.cc:57: Finished adding job, job id = 01000000, driver pid = 256306
[2024-05-15 08:21:40,999 I 256391 256391] (gcs_server) gcs_placement_group_manager.cc:432: Registering placement group, placement group id = e13059e3372a28e5a1b0393dba1401000000, name = , strategy = 0
[2024-05-15 08:21:40,999 I 256391 256391] (gcs_server) gcs_placement_group_manager.cc:436: Finished registering placement group, placement group id = e13059e3372a28e5a1b0393dba1401000000, name = , strategy = 0
[2024-05-15 08:21:40,999 I 256391 256391] (gcs_server) gcs_placement_group_scheduler.cc:185: Preparing resource from node 5796b7c556a32eb747fc415a8d49599b0b1bd85a4db6cf0ca573197a for bundles: {placement group id={e13059e3372a28e5a1b0393dba1401000000}, bundle index={0}},{placement group id={e13059e3372a28e5a1b0393dba1401000000}, bundle index={1}},{placement group id={e13059e3372a28e5a1b0393dba1401000000}, bundle index={2}},{placement group id={e13059e3372a28e5a1b0393dba1401000000}, bundle index={3}},{placement group id={e13059e3372a28e5a1b0393dba1401000000}, bundle index={4}},
[2024-05-15 08:21:41,000 I 256391 256391] (gcs_server) gcs_placement_group_scheduler.cc:195: Finished leasing resource from 5796b7c556a32eb747fc415a8d49599b0b1bd85a4db6cf0ca573197a for bundles: {placement group id={e13059e3372a28e5a1b0393dba1401000000}, bundle index={0}},{placement group id={e13059e3372a28e5a1b0393dba1401000000}, bundle index={1}},{placement group id={e13059e3372a28e5a1b0393dba1401000000}, bundle index={2}},{placement group id={e13059e3372a28e5a1b0393dba1401000000}, bundle index={3}},{placement group id={e13059e3372a28e5a1b0393dba1401000000}, bundle index={4}},
[2024-05-15 08:21:41,000 I 256391 256391] (gcs_server) gcs_placement_group_scheduler.cc:213: Committing resource to a node 5796b7c556a32eb747fc415a8d49599b0b1bd85a4db6cf0ca573197a for bundles: {placement group id={e13059e3372a28e5a1b0393dba1401000000}, bundle index={0}},{placement group id={e13059e3372a28e5a1b0393dba1401000000}, bundle index={1}},{placement group id={e13059e3372a28e5a1b0393dba1401000000}, bundle index={3}},{placement group id={e13059e3372a28e5a1b0393dba1401000000}, bundle index={4}},{placement group id={e13059e3372a28e5a1b0393dba1401000000}, bundle index={2}},
[2024-05-15 08:21:41,000 I 256391 256391] (gcs_server) gcs_placement_group_scheduler.cc:220: Finished committing resource to 5796b7c556a32eb747fc415a8d49599b0b1bd85a4db6cf0ca573197a for bundles: {placement group id={e13059e3372a28e5a1b0393dba1401000000}, bundle index={0}},{placement group id={e13059e3372a28e5a1b0393dba1401000000}, bundle index={1}},{placement group id={e13059e3372a28e5a1b0393dba1401000000}, bundle index={3}},{placement group id={e13059e3372a28e5a1b0393dba1401000000}, bundle index={4}},{placement group id={e13059e3372a28e5a1b0393dba1401000000}, bundle index={2}},
[2024-05-15 08:21:41,000 I 256391 256391] (gcs_server) gcs_placement_group_manager.cc:321: Successfully created placement group , id: e13059e3372a28e5a1b0393dba1401000000
[2024-05-15 08:21:41,175 I 256391 256391] (gcs_server) gcs_actor_manager.cc:262: Registering actor, job id = 01000000, actor id = fdf624732d0a9f104204059a01000000
[2024-05-15 08:21:41,176 I 256391 256391] (gcs_server) gcs_actor_manager.cc:268: Registered actor, job id = 01000000, actor id = fdf624732d0a9f104204059a01000000
[2024-05-15 08:21:41,177 I 256391 256391] (gcs_server) gcs_actor_manager.cc:287: Creating actor, job id = 01000000, actor id = fdf624732d0a9f104204059a01000000
[2024-05-15 08:21:41,177 I 256391 256391] (gcs_server) gcs_actor_scheduler.cc:312: Start leasing worker from node 5796b7c556a32eb747fc415a8d49599b0b1bd85a4db6cf0ca573197a for actor fdf624732d0a9f104204059a01000000, job id = 01000000
[2024-05-15 08:21:41,580 I 256391 256391] (gcs_server) gcs_actor_scheduler.cc:633: Finished leasing worker from 5796b7c556a32eb747fc415a8d49599b0b1bd85a4db6cf0ca573197a for actor fdf624732d0a9f104204059a01000000, job id = 01000000
[2024-05-15 08:21:41,580 I 256391 256391] (gcs_server) gcs_actor_scheduler.cc:447: Start creating actor fdf624732d0a9f104204059a01000000 on worker f4daee8bf765e282c30ae3579ff222db46925352ea2ca1d6a8bd5d17 at node 5796b7c556a32eb747fc415a8d49599b0b1bd85a4db6cf0ca573197a, job id = 01000000
[2024-05-15 08:21:43,096 I 256391 256391] (gcs_server) gcs_actor_manager.cc:262: Registering actor, job id = 01000000, actor id = ba75f4cef86c74fb1b900c5a01000000
[2024-05-15 08:21:43,096 I 256391 256391] (gcs_server) gcs_actor_manager.cc:268: Registered actor, job id = 01000000, actor id = ba75f4cef86c74fb1b900c5a01000000
[2024-05-15 08:21:43,096 I 256391 256391] (gcs_server) gcs_actor_manager.cc:287: Creating actor, job id = 01000000, actor id = ba75f4cef86c74fb1b900c5a01000000
[2024-05-15 08:21:43,096 I 256391 256391] (gcs_server) gcs_actor_scheduler.cc:312: Start leasing worker from node 5796b7c556a32eb747fc415a8d49599b0b1bd85a4db6cf0ca573197a for actor ba75f4cef86c74fb1b900c5a01000000, job id = 01000000
[2024-05-15 08:21:43,097 I 256391 256391] (gcs_server) gcs_actor_manager.cc:262: Registering actor, job id = 01000000, actor id = ad0947e6b294e1fc2aa241ba01000000
[2024-05-15 08:21:43,097 I 256391 256391] (gcs_server) gcs_actor_manager.cc:268: Registered actor, job id = 01000000, actor id = ad0947e6b294e1fc2aa241ba01000000
[2024-05-15 08:21:43,097 I 256391 256391] (gcs_server) gcs_actor_manager.cc:287: Creating actor, job id = 01000000, actor id = ad0947e6b294e1fc2aa241ba01000000
[2024-05-15 08:21:43,097 I 256391 256391] (gcs_server) gcs_actor_scheduler.cc:312: Start leasing worker from node 5796b7c556a32eb747fc415a8d49599b0b1bd85a4db6cf0ca573197a for actor ad0947e6b294e1fc2aa241ba01000000, job id = 01000000
[2024-05-15 08:21:43,098 I 256391 256391] (gcs_server) gcs_actor_manager.cc:262: Registering actor, job id = 01000000, actor id = 28c480d27043ee6d59fd4ecb01000000
[2024-05-15 08:21:43,098 I 256391 256391] (gcs_server) gcs_actor_manager.cc:268: Registered actor, job id = 01000000, actor id = 28c480d27043ee6d59fd4ecb01000000
[2024-05-15 08:21:43,098 I 256391 256391] (gcs_server) gcs_actor_manager.cc:287: Creating actor, job id = 01000000, actor id = 28c480d27043ee6d59fd4ecb01000000
[2024-05-15 08:21:43,098 I 256391 256391] (gcs_server) gcs_actor_scheduler.cc:312: Start leasing worker from node 5796b7c556a32eb747fc415a8d49599b0b1bd85a4db6cf0ca573197a for actor 28c480d27043ee6d59fd4ecb01000000, job id = 01000000
[2024-05-15 08:21:43,099 I 256391 256391] (gcs_server) gcs_actor_manager.cc:262: Registering actor, job id = 01000000, actor id = 1c936e2ca7df5e9888d17b2701000000
[2024-05-15 08:21:43,099 I 256391 256391] (gcs_server) gcs_actor_manager.cc:268: Registered actor, job id = 01000000, actor id = 1c936e2ca7df5e9888d17b2701000000
[2024-05-15 08:21:43,099 I 256391 256391] (gcs_server) gcs_actor_manager.cc:287: Creating actor, job id = 01000000, actor id = 1c936e2ca7df5e9888d17b2701000000
[2024-05-15 08:21:43,099 I 256391 256391] (gcs_server) gcs_actor_scheduler.cc:312: Start leasing worker from node 5796b7c556a32eb747fc415a8d49599b0b1bd85a4db6cf0ca573197a for actor 1c936e2ca7df5e9888d17b2701000000, job id = 01000000
[2024-05-15 08:21:43,518 I 256391 256391] (gcs_server) gcs_actor_scheduler.cc:633: Finished leasing worker from 5796b7c556a32eb747fc415a8d49599b0b1bd85a4db6cf0ca573197a for actor ad0947e6b294e1fc2aa241ba01000000, job id = 01000000
[2024-05-15 08:21:43,518 I 256391 256391] (gcs_server) gcs_actor_scheduler.cc:633: Finished leasing worker from 5796b7c556a32eb747fc415a8d49599b0b1bd85a4db6cf0ca573197a for actor 28c480d27043ee6d59fd4ecb01000000, job id = 01000000
[2024-05-15 08:21:43,518 I 256391 256391] (gcs_server) gcs_actor_scheduler.cc:447: Start creating actor ad0947e6b294e1fc2aa241ba01000000 on worker 4a99d489eb5618111256e3f4fbfd2ed5242185937a205e2409a271e3 at node 5796b7c556a32eb747fc415a8d49599b0b1bd85a4db6cf0ca573197a, job id = 01000000
[2024-05-15 08:21:43,518 I 256391 256391] (gcs_server) gcs_actor_scheduler.cc:447: Start creating actor 28c480d27043ee6d59fd4ecb01000000 on worker 8bbf27df8846320051bf79c3cbd314fc0e569b6d0876c1ec2a1f9ea0 at node 5796b7c556a32eb747fc415a8d49599b0b1bd85a4db6cf0ca573197a, job id = 01000000
[2024-05-15 08:21:43,571 I 256391 256391] (gcs_server) gcs_actor_scheduler.cc:633: Finished leasing worker from 5796b7c556a32eb747fc415a8d49599b0b1bd85a4db6cf0ca573197a for actor 1c936e2ca7df5e9888d17b2701000000, job id = 01000000
[2024-05-15 08:21:43,571 I 256391 256391] (gcs_server) gcs_actor_scheduler.cc:633: Finished leasing worker from 5796b7c556a32eb747fc415a8d49599b0b1bd85a4db6cf0ca573197a for actor ba75f4cef86c74fb1b900c5a01000000, job id = 01000000
[2024-05-15 08:21:43,571 I 256391 256391] (gcs_server) gcs_actor_scheduler.cc:447: Start creating actor 1c936e2ca7df5e9888d17b2701000000 on worker 1c55cb5b210853988205f9bc82cfcfa1dc3961d0edbf43051c4c3d5f at node 5796b7c556a32eb747fc415a8d49599b0b1bd85a4db6cf0ca573197a, job id = 01000000
[2024-05-15 08:21:43,571 I 256391 256391] (gcs_server) gcs_actor_scheduler.cc:447: Start creating actor ba75f4cef86c74fb1b900c5a01000000 on worker 3a95f67a1d239748b37bd2874e2ec5ee7411384a73ed36570ee1d355 at node 5796b7c556a32eb747fc415a8d49599b0b1bd85a4db6cf0ca573197a, job id = 01000000
[2024-05-15 08:21:48,989 W 256391 256412] (gcs_server) metric_exporter.cc:105: [1] Export metrics to agent failed: GrpcUnavailable: RPC Error message: failed to connect to all addresses; last error: UNKNOWN: ipv4:127.0.0.1:56844: Failed to connect to remote host: Connection refused; RPC Error details: . This won't affect Ray, but you can lose metrics from the cluster.
[2024-05-15 08:21:54,092 I 256391 256391] (gcs_server) gcs_actor_manager.cc:816: Destroying actor, actor id = fdf624732d0a9f104204059a01000000, job id = 01000000
[2024-05-15 08:21:54,092 I 256391 256391] (gcs_server) gcs_actor_manager.cc:303: Finished creating actor, job id = 01000000, actor id = fdf624732d0a9f104204059a01000000, status = SchedulingCancelled: Actor creation cancelled.
[2024-05-15 08:21:54,092 I 256391 256391] (gcs_server) gcs_placement_group_scheduler.cc:607: Cancelling all committed bundles of a placement group, id is e13059e3372a28e5a1b0393dba1401000000
[2024-05-15 08:21:54,093 I 256391 256391] (gcs_server) gcs_placement_group_manager.cc:458: Placement group of an id, e13059e3372a28e5a1b0393dba1401000000 is removed successfully.
[2024-05-15 08:21:54,093 I 256391 256391] (gcs_server) gcs_actor_manager.cc:1167: Actor ad0947e6b294e1fc2aa241ba01000000 is failed on worker 4a99d489eb5618111256e3f4fbfd2ed5242185937a205e2409a271e3 at node 5796b7c556a32eb747fc415a8d49599b0b1bd85a4db6cf0ca573197a, need_reschedule = 1, death context type = ActorDiedErrorContext, remaining_restarts = 1000, job id = 01000000
[2024-05-15 08:21:54,093 I 256391 256391] (gcs_server) gcs_actor_scheduler.cc:312: Start leasing worker from node 5796b7c556a32eb747fc415a8d49599b0b1bd85a4db6cf0ca573197a for actor ad0947e6b294e1fc2aa241ba01000000, job id = 01000000
[2024-05-15 08:21:54,093 I 256391 256391] (gcs_server) gcs_actor_manager.cc:1167: Actor 28c480d27043ee6d59fd4ecb01000000 is failed on worker 8bbf27df8846320051bf79c3cbd314fc0e569b6d0876c1ec2a1f9ea0 at node 5796b7c556a32eb747fc415a8d49599b0b1bd85a4db6cf0ca573197a, need_reschedule = 1, death context type = ActorDiedErrorContext, remaining_restarts = 1000, job id = 01000000
[2024-05-15 08:21:54,093 I 256391 256391] (gcs_server) gcs_actor_scheduler.cc:312: Start leasing worker from node 5796b7c556a32eb747fc415a8d49599b0b1bd85a4db6cf0ca573197a for actor 28c480d27043ee6d59fd4ecb01000000, job id = 01000000
[2024-05-15 08:21:54,093 I 256391 256391] (gcs_server) gcs_actor_manager.cc:816: Destroying actor, actor id = ba75f4cef86c74fb1b900c5a01000000, job id = 01000000
[2024-05-15 08:21:54,094 I 256391 256391] (gcs_server) gcs_actor_manager.cc:303: Finished creating actor, job id = 01000000, actor id = ba75f4cef86c74fb1b900c5a01000000, status = SchedulingCancelled: Actor creation cancelled.
[2024-05-15 08:21:54,094 I 256391 256391] (gcs_server) gcs_actor_manager.cc:816: Destroying actor, actor id = 28c480d27043ee6d59fd4ecb01000000, job id = 01000000
[2024-05-15 08:21:54,094 I 256391 256391] (gcs_server) gcs_actor_manager.cc:303: Finished creating actor, job id = 01000000, actor id = 28c480d27043ee6d59fd4ecb01000000, status = SchedulingCancelled: Actor creation cancelled.
[2024-05-15 08:21:54,094 I 256391 256391] (gcs_server) gcs_actor_manager.cc:816: Destroying actor, actor id = 1c936e2ca7df5e9888d17b2701000000, job id = 01000000
[2024-05-15 08:21:54,094 I 256391 256391] (gcs_server) gcs_actor_manager.cc:303: Finished creating actor, job id = 01000000, actor id = 1c936e2ca7df5e9888d17b2701000000, status = SchedulingCancelled: Actor creation cancelled.
[2024-05-15 08:21:54,094 I 256391 256391] (gcs_server) gcs_actor_manager.cc:816: Destroying actor, actor id = ad0947e6b294e1fc2aa241ba01000000, job id = 01000000
[2024-05-15 08:21:54,094 I 256391 256391] (gcs_server) gcs_actor_manager.cc:303: Finished creating actor, job id = 01000000, actor id = ad0947e6b294e1fc2aa241ba01000000, status = SchedulingCancelled: Actor creation cancelled.
[2024-05-15 08:21:54,095 I 256391 256391] (gcs_server) gcs_placement_group_scheduler.cc:261: Finished cancelling the resource reserved for bundle: placement group id={e13059e3372a28e5a1b0393dba1401000000}, bundle index={3} at node 5796b7c556a32eb747fc415a8d49599b0b1bd85a4db6cf0ca573197a
[2024-05-15 08:21:54,095 I 256391 256391] (gcs_server) gcs_placement_group_scheduler.cc:261: Finished cancelling the resource reserved for bundle: placement group id={e13059e3372a28e5a1b0393dba1401000000}, bundle index={0} at node 5796b7c556a32eb747fc415a8d49599b0b1bd85a4db6cf0ca573197a
[2024-05-15 08:21:54,095 I 256391 256391] (gcs_server) gcs_actor_manager.cc:798: Actor fdf624732d0a9f104204059a01000000 is out of scope, destroying actor, job id = 01000000
[2024-05-15 08:21:54,095 I 256391 256391] (gcs_server) gcs_placement_group_scheduler.cc:261: Finished cancelling the resource reserved for bundle: placement group id={e13059e3372a28e5a1b0393dba1401000000}, bundle index={1} at node 5796b7c556a32eb747fc415a8d49599b0b1bd85a4db6cf0ca573197a
[2024-05-15 08:21:54,095 I 256391 256391] (gcs_server) gcs_placement_group_scheduler.cc:261: Finished cancelling the resource reserved for bundle: placement group id={e13059e3372a28e5a1b0393dba1401000000}, bundle index={4} at node 5796b7c556a32eb747fc415a8d49599b0b1bd85a4db6cf0ca573197a
[2024-05-15 08:21:54,095 I 256391 256391] (gcs_server) gcs_placement_group_scheduler.cc:261: Finished cancelling the resource reserved for bundle: placement group id={e13059e3372a28e5a1b0393dba1401000000}, bundle index={2} at node 5796b7c556a32eb747fc415a8d49599b0b1bd85a4db6cf0ca573197a
[2024-05-15 08:21:54,129 I 256391 256391] (gcs_server) gcs_actor_manager.cc:794: Worker f4daee8bf765e282c30ae3579ff222db46925352ea2ca1d6a8bd5d17 failed, destroying actor child, job id = 01000000
[2024-05-15 08:21:54,130 I 256391 256391] (gcs_server) gcs_actor_manager.cc:794: Worker f4daee8bf765e282c30ae3579ff222db46925352ea2ca1d6a8bd5d17 failed, destroying actor child, job id = 01000000
[2024-05-15 08:21:54,130 I 256391 256391] (gcs_server) gcs_actor_manager.cc:794: Worker f4daee8bf765e282c30ae3579ff222db46925352ea2ca1d6a8bd5d17 failed, destroying actor child, job id = 01000000
[2024-05-15 08:21:54,130 I 256391 256391] (gcs_server) gcs_actor_manager.cc:794: Worker f4daee8bf765e282c30ae3579ff222db46925352ea2ca1d6a8bd5d17 failed, destroying actor child, job id = 01000000
[2024-05-15 08:21:54,602 I 256391 256391] (gcs_server) gcs_job_manager.cc:87: Finished marking job state, job id = 01000000
[2024-05-15 08:21:54,797 I 256391 256391] (gcs_server) gcs_node_manager.cc:128: Shutting down raylet, node id = 5796b7c556a32eb747fc415a8d49599b0b1bd85a4db6cf0ca573197a
[2024-05-15 08:21:54,797 I 256391 256391] (gcs_server) gcs_node_manager.cc:252: Removing node, node id = 5796b7c556a32eb747fc415a8d49599b0b1bd85a4db6cf0ca573197a, node name = 192.168.1.56
[2024-05-15 08:21:54,797 I 256391 256391] (gcs_server) gcs_placement_group_manager.cc:767: Node 5796b7c556a32eb747fc415a8d49599b0b1bd85a4db6cf0ca573197a failed, rescheduling the placement groups on the dead node.
[2024-05-15 08:21:54,797 I 256391 256391] (gcs_server) gcs_actor_manager.cc:1048: Node 5796b7c556a32eb747fc415a8d49599b0b1bd85a4db6cf0ca573197a failed, reconstructing actors.
[2024-05-15 08:21:54,797 I 256391 256391] (gcs_server) gcs_job_manager.cc:302: Node 5796b7c556a32eb747fc415a8d49599b0b1bd85a4db6cf0ca573197a failed, mark all jobs from this node as finished
[2024-05-15 08:21:54,985 I 256391 256391] (gcs_server) gcs_node_manager.cc:170: Raylet 5796b7c556a32eb747fc415a8d49599b0b1bd85a4db6cf0ca573197a is drained. Status GrpcUnavailable: RPC Error message: Cancelling all calls; RPC Error details: . The information will be published to the cluster.
[2024-05-15 08:21:54,997 I 256391 256439] (gcs_server) ray_syncer-inl.h:318: Failed to read the message from: 5796b7c556a32eb747fc415a8d49599b0b1bd85a4db6cf0ca573197a
[2024-05-15 08:21:55,010 I 256391 256391] (gcs_server) gcs_server_main.cc:111: GCS server received SIGTERM, shutting down...
[2024-05-15 08:21:55,010 I 256391 256391] (gcs_server) gcs_server.cc:272: Stopping GCS server.
[2024-05-15 08:21:55,015 I 256391 256391] (gcs_server) gcs_server.cc:292: GCS server stopped.
[2024-05-15 08:21:55,015 I 256391 256391] (gcs_server) io_service_pool.cc:47: IOServicePool is stopped.
[2024-05-15 08:21:55,092 I 256391 256391] (gcs_server) stats.h:120: Stats module has shutdown.
