:job_id:01000000
:actor_name:RolloutWorker
libfontconfig.so.1: cannot open shared object file: No such file or directory
libX11.so.6: cannot open shared object file: No such file or directory
ERROR: Can't load Xlib dynamically.
   at: DisplayServerX11 (platform/linuxbsd/x11/display_server_x11.cpp:5753)
ERROR: Unable to create DisplayServer, all display drivers failed.
   at: setup2 (main/main.cpp:2438)
ERROR: Pages in use exist at exit in PagedAllocator: N7Variant5Pools11BucketLargeE
   at: ~PagedAllocator (./core/templates/paged_allocator.h:170)
ERROR: Pages in use exist at exit in PagedAllocator: N7Variant5Pools12BucketMediumE
   at: ~PagedAllocator (./core/templates/paged_allocator.h:170)
ERROR: Pages in use exist at exit in PagedAllocator: N7Variant5Pools11BucketSmallE
   at: ~PagedAllocator (./core/templates/paged_allocator.h:170)
ERROR: BUG: Unreferenced static string to 0: TextServerDummy
   at: unref (core/string/string_name.cpp:129)
ERROR: BUG: Unreferenced static string to 0: IPUnix
   at: unref (core/string/string_name.cpp:129)
ERROR: BUG: Unreferenced static string to 0: ResourceFormatImporterSaver
   at: unref (core/string/string_name.cpp:129)
ERROR: BUG: Unreferenced static string to 0: MovieWriterMJPEG
   at: unref (core/string/string_name.cpp:129)
ERROR: BUG: Unreferenced static string to 0: interface_added
   at: unref (core/string/string_name.cpp:129)
ERROR: BUG: Unreferenced static string to 0: TextServerAdvanced
   at: unref (core/string/string_name.cpp:129)
ERROR: BUG: Unreferenced static string to 0: ImageFormatLoader
   at: unref (core/string/string_name.cpp:129)
ERROR: BUG: Unreferenced static string to 0: ResourceFormatSaver
   at: unref (core/string/string_name.cpp:129)
ERROR: BUG: Unreferenced static string to 0: MovieWriterPNGWAV
   at: unref (core/string/string_name.cpp:129)
ERROR: BUG: Unreferenced static string to 0: ScriptLanguage
   at: unref (core/string/string_name.cpp:129)
ERROR: BUG: Unreferenced static string to 0: ResourceFormatLoader
   at: unref (core/string/string_name.cpp:129)
Exception raised in creation task: The actor died because of an error raised in its creation task, [36mray::RolloutWorker.__init__()[39m (pid=13722, ip=192.168.1.56, actor_id=64110d8601f56bf14e9797c501000000, repr=<ray.rllib.evaluation.rollout_worker.RolloutWorker object at 0x7fd9bed37cd0>)
           ^^^^^^^^^^^^^^^^^^^^^^^^^^^^^^^^^^^^
           ^^^^^^^^^^^^^^^^^^^^^^^^^^^^^^^
  File "/home/valapeos/.cache/pypoetry/virtualenvs/pneumarl-4s6AwDM4-py3.11/lib/python3.11/site-packages/ray/rllib/evaluation/rollout_worker.py", line 407, in __init__
    self.env = env_creator(copy.deepcopy(self.env_context))
               ^^^^^^^^^^^^^^^^^^^^^^^^^^^^^^^^^^^^^^^^^^^^
  File "/home/valapeos/Projects/pneumarl/rllib_example.py", line 48, in env_creator
    return RayVectorGodotEnv(config=env_config, port=port, seed=seed)
           ^^^^^^^^^^^^^^^^^^^^^^^^^^^^^^^^^^^^^^^^^^^^^^^^^^^^^^^^^^
  File "/home/valapeos/.cache/pypoetry/virtualenvs/pneumarl-4s6AwDM4-py3.11/lib/python3.11/site-packages/godot_rl/wrappers/ray_wrapper.py", line 22, in __init__
    self._env = GodotEnv(
                ^^^^^^^^^
  File "/home/valapeos/.cache/pypoetry/virtualenvs/pneumarl-4s6AwDM4-py3.11/lib/python3.11/site-packages/godot_rl/core/godot_env.py", line 59, in __init__
    self.connection = self._start_server()
                      ^^^^^^^^^^^^^^^^^^^^
  File "/home/valapeos/.cache/pypoetry/virtualenvs/pneumarl-4s6AwDM4-py3.11/lib/python3.11/site-packages/godot_rl/core/godot_env.py", line 317, in _start_server
    connection, client_address = sock.accept()
                                 ^^^^^^^^^^^^^
  File "/nix/store/glfr70gi7hfaj50mwj2431p8bg60fhqw-python3-3.11.9/lib/python3.11/socket.py", line 294, in accept
    fd, addr = self._accept()
               ^^^^^^^^^^^^^^
TimeoutError: timed out
