:job_id:01000000
:actor_name:RolloutWorker
libfontconfig.so.1: cannot open shared object file: No such file or directory
libX11.so.6: cannot open shared object file: No such file or directory
ERROR: Can't load Xlib dynamically.
   at: DisplayServerX11 (platform/linuxbsd/x11/display_server_x11.cpp:5753)
ERROR: Unable to create DisplayServer, all display drivers failed.
   at: setup2 (main/main.cpp:2438)
ERROR: Pages in use exist at exit in PagedAllocator: N7Variant5Pools11BucketLargeE
   at: ~PagedAllocator (./core/templates/paged_allocator.h:170)
ERROR: Pages in use exist at exit in PagedAllocator: N7Variant5Pools12BucketMediumE
   at: ~PagedAllocator (./core/templates/paged_allocator.h:170)
ERROR: Pages in use exist at exit in PagedAllocator: N7Variant5Pools11BucketSmallE
   at: ~PagedAllocator (./core/templates/paged_allocator.h:170)
ERROR: BUG: Unreferenced static string to 0: TextServerDummy
   at: unref (core/string/string_name.cpp:129)
ERROR: BUG: Unreferenced static string to 0: IPUnix
   at: unref (core/string/string_name.cpp:129)
ERROR: BUG: Unreferenced static string to 0: ResourceFormatImporterSaver
   at: unref (core/string/string_name.cpp:129)
ERROR: BUG: Unreferenced static string to 0: MovieWriterMJPEG
   at: unref (core/string/string_name.cpp:129)
ERROR: BUG: Unreferenced static string to 0: interface_added
   at: unref (core/string/string_name.cpp:129)
ERROR: BUG: Unreferenced static string to 0: TextServerAdvanced
   at: unref (core/string/string_name.cpp:129)
ERROR: BUG: Unreferenced static string to 0: ImageFormatLoader
   at: unref (core/string/string_name.cpp:129)
ERROR: BUG: Unreferenced static string to 0: ResourceFormatSaver
   at: unref (core/string/string_name.cpp:129)
ERROR: BUG: Unreferenced static string to 0: MovieWriterPNGWAV
   at: unref (core/string/string_name.cpp:129)
ERROR: BUG: Unreferenced static string to 0: ScriptLanguage
   at: unref (core/string/string_name.cpp:129)
ERROR: BUG: Unreferenced static string to 0: ResourceFormatLoader
   at: unref (core/string/string_name.cpp:129)
